Q6H6Q7
P43254
Q61846
A9LYZ5
Q55909
C5D4X9
Q3Y416
B6EKA0
P38918
Q5W274
Q7PC88
B8C6V3
Q8VZS0
O64411
Q9ASU7
Q8BQJ6
A6T2B6
Q75HE6
Q75KR1
Q16342
P85084
Q7SXS2
Q7XJJ7
Q6A6W1
B2GFL8
Q7ZY08
Q54Y55
Q7Z9I4
O42929
Q1PF33
P31320
O17606
Q8ESU2
Q59VP1
Q9ZUC1
Q9LNW1
Q6DC39
B2WKX9
B8LBM8
Q9MA79
Q6NYD4
Q640J6
Q4P9K6
Q9KBI9
Q6N075
P55745
Q35522
O62446
Q2QYY8
Q94CF0
Q1EBV7
Q9EPH8
Q8EQP2
Q539E5
Q539E5
Q8AVP1
Q500U8
Q9S726
P34094
Q9FIC3
Q6BZY4
Q9D8H7
Q9H777
P53980
Q8TEQ8
Q61686
B6IPJ8
Q62388
Q62388
Q39757
Q0PAS0
Q8H124
A0KDV2
P41753
P34091
Q9LZM8
Q9JL62
Q76C99
Q4V8U5
P29315
Q73EU1
Q32PX9
Q54WR9
Q8BY71
Q9T0A7
Q5S7T7
Q8T882
Q6PS57
P23919
O35111
Q9SU56
Q80Z70
Q8S2G0
Q8K009
Q8H1Z0
Q55CD9
Q6RG77
P34099
Q9LMZ9
Q55669
Q5SWD9
P29931
Q7LL04
Q6J1Y9
Q8W1X2
Q09751
Q9UT20
Q9SZ67
Q40593
Q7VFY9
Q3ED68
Q891T8
O70600
O70600
Q9FMU5
P08472
Q3AU90
Q9LIG6
Q9FM19
Q54Q69
Q9M9S6
Q07167
Q6DF08
Q6DF08
Q3SHP2
Q90511
Q8W4E1
P00516
O15910
Q5R8V1
Q84W65
Q8X1T3
O32210
P36018
O80832
P04919
Q5TGY1
Q41365
Q28IN9
Q54Q69
Q9MB35
Q94AC1
O80685
O75534
P08299
C0Q8A0
Q9FK29
Q8RWL6
O65154
O43808
Q5FWU8
P23641
Q9C7F5
Q8BFT6
Q751L7
Q5ZID2
Q55BF2
Q9HX48
Q9N0Y2
P55786
Q86AQ7
Q9WYG0
P51231
Q9P7W2
Q4R5B8
P0ADP1
Q7T163
Q9SR52
Q4PT07
P90520
P55577
Q9CV28
Q39071
Q96I24
Q67XX3
Q5ZLV4
O14036
P14605
Q9S7D1
O96876
Q6Z7K5
Q9M2E2
P47796
Q562D6
P38421
Q9SCQ2
Q96NW4
O96552
Q16864
Q7ZVE6
O04287
Q9UV33
Q9XF67
Q9MAU6
Q64323
P73245
Q03417
Q5VQL1
Q54EW8
Q9SIY5
Q92J08
Q8RXK2
Q757A4
Q55750
P10665
P70172
Q9LHH7
Q13395
P74369
P55189
A0T0P4
Q44600
Q08584
Q9SN11
Q556J0
F4JZ24
B5YHX5
Q6CC79
Q8YPK4
O94966
Q8MTI2
Q54KX3
Q5X4M9
P52322
Q9R0K7
O75343
P48463
Q756J5
O22975
Q03604
Q3SZK1
P59723
Q8C7V3
Q8JZQ9
P36428
Q5UQW4
Q9SZY1
Q70WY6
Q9MAA2
Q9T0H9
Q9CA67
P50192
Q3ZX56
P20825
O93796
A0T0T6
Q8VHE6
Q93ZN9
P49471
Q9XBR7
A0T0S7
Q9A8H5
P04146
Q0IGK1
O43272
Q1DCU1
P67156
Q54Q69
Q9LFF1
A4QN59
Q6C3P1
Q9SZ67
P47265
Q9CR50
Q8INF0
P38049
P0CQ08
O70551
Q9EQ15
A4FV98
Q8MTI2
Q9SB58
Q02953
Q9FYA6
Q9D7B1
Q498R1
Q53728
Q3UIR3
Q3UIR3
O59952
Q9JHP7
O81097
A5DZE6
P92935
P93231
P73689
Q5EAE0
Q5M7P5
Q54MJ7
Q810F5
Q2KJ44
O95394
B3QZ51
B3QZ51
B3QZ51
B3QZ51
A2XFW2
Q08585
Q59WG5
P14540
Q8LCQ4
P0AC59
P32899
O13282
Q54Q69
P35782
Q5B995
Q8RYE9
Q9Y5B0
Q9X248
Q9X248
Q56307
P52551
Q7TNG8
P10978
Q9LMG7
E2JA31
Q0JAW2
Q8TAD8
P11633
Q25117
Q2RMS4
Q08E40
Q9Z1Z1
P47199
Q6F388
P14152
Q9FGF0
D4AZ24
O74462
P26683
Q42479
O80725
O06476
Q9A2F1
O49561
A0T0U3
Q57097
Q63429
Q9ZU96
P10961
Q557B8
O26153
P20790
P87033
P14272
Q07943
Q9CR62
Q55C80
O18373
O18373
Q680K2
Q20679
Q6EPN6
Q9LF61
O42872
Q0VD51
Q6P1E7
Q6ZW76
Q80VP5
Q8ZPI0
Q94JQ3
Q6ZQK0
Q8ICR0
Q9T009
P49508
Q58803
Q9M9F5
Q5M8U1
Q76NT0
Q9FNJ9
Q3UJD6
Q41094
P30041
O83142
P22337
Q83WF2
Q83WF2
P10978
Q54Q69
Q3AF51
Q90703
O04834
Q02198
A8IEF3
Q55884
Q8MTI2
O13797
Q9S702
P79733
P36639
Q9FG38
Q9LDK9
P34893
Q8ZBY6
A1XQU1
Q5AQJ2
Q5ZJX1
Q9DAK2
Q55F42
Q54P92
Q7NL66
A7IQW5
Q8K203
Q9I4K0
Q9S7X6
Q68EL3
Q4KTI3
Q9M2D2
Q60SM4
Q00748
Q8VHK9
P46419
Q8L970
Q28CA1
Q8IRR5
P39928
O66148
P73627
P04166
Q94BU1
P46250
P0A9T5
A1L1R0
Q28IN4
O22558
Q9R0N0
A7YWS7
Q8WQL7
Q7RAH3
Q08602
Q9LBG2
Q9LT08
Q4V3B8
Q1RIM7
Q6G2R5
Q54HW1
Q3BWT0
Q62784
Q54VQ6
B7FRU7
Q9FGZ9
Q11176
P52888
Q4QRJ7
Q4IJ84
P49888
O81304
Q5FGQ8
Q9HDY1
A4K2Q6
P0CN78
O52177
Q254S7
Q55680
D4B093
Q8WYR4
O74468
Q8C0I1
Q9D0I8
Q9H0R3
Q02293
O60100
A8KBL7
Q54IK1
Q2QPW1
O23877
Q9JII1
Q9SZ67
O74407
Q5ZKA5
Q9SX29
Q55EJ3
Q9SL05
Q945M1
Q9FJH6
Q27869
Q9I931
Q8H5F8
Q15021
Q5ZJL8
A0T0M8
Q9LKI8
Q8MTI2
Q39709
Q83WF2
P49472
O60344
V5YMB3
Q40832
Q32TF8
Q92383
O46072
A3DCH1
P39940
Q19749
Q8L840
P41762
Q8RDT4
Q9C8J7
Q9SIC9
A2AH22
Q24K02
O95714
O34812
Q9LIC2
P36146
P36146
Q9UJM8
O70496
P44331
Q08DJ8
B5X2B8
Q5T1C6
Q55909
Q8W496
Q8W496
Q6GL74
Q9MZS1
A6QL63
P44098
Q8VZJ1
A1JHN0
A4WHN0
Q54I81
Q5UQ63
Q7SXM7
Q9LPX2
Q8MTI2
Q8MTI2
Q8MTI2
P41889
Q8LES0
Q5HZE0
A7Z4J3
O26802
F4HWE6
Q8TB61
A3KPQ7
Q9SN58
Q756J5
B3ETC6
Q8L4H0
F0NBH8
Q9SFB0
Q6GM29
Q04500
P13670
P13670
A1L258
Q9ZU96
Q5GIG6
Q00257
B1XQK7
O54889
Q3UZW7
B9DFG3
Q9BLB6
C5FZH5
Q9LJ87
Q9SFB8
Q55FP1
F4K0A6
O15439
Q4U2R1
Q7SXG4
O90760
P34607
A5DYS6
P26988
P26988
P49078
O42909
Q9FH95
B1WVN5
Q6B966
Q8C2P3
Q9D5Z5
Q4KL91
Q9FGC7
O94524
P51835
P79051
Q91YY4
Q2TA37
Q94IN5
Q9LZI6
Q0J6P7
B7K5W1
Q10LJ2
Q9SSR1
Q9ERK0
A8Y9I2
P34024
Q9CVD2
Q8MTI2
P0AEB5
Q0P4U8
Q9DAM1
O08756
Q9LVE4
A7SG73
Q84WN3
Q91WU6
Q8H0T4
Q8NDF8
Q6Z4N3
P38070
Q0HRV9
Q5YLM1
A9LIW2
Q0DSV9
Q84XB6
Q9C9Y8
Q86AV5
A4VLQ5
P34205
A7SXK3
Q9LUH8
Q9M0V6
Q8YSU5
Q8YSU5
Q84LK0
Q9ASU1
P25894
Q96G74
Q7TNP2
Q58097
Q54M29
Q4PER6
Q9BQG2
O43396
A6BM06
Q54GN8
O18158
B9RAJ0
Q7NDH1
O75884
Q9Y871
Q03649
Q980U5
Q9SIE0
Q9SIE0
B5VKE8
Q9LJ98
Q5M823
Q9LE82
O82392
Q54S03
O49289
P0DH79
O14283
O13396
O52402
P44429
Q54F10
P0C7W4
Q9V3D6
Q7U3T8
O18783
Q9FLF0
Q7RTR2
Q7RTR2
Q8MTI2
Q9LZQ9
Q54YG8
Q9T050
Q6CQE5
Q42371
Q54Q69
Q54Q69
Q869L3
P47977
O15050
Q54Q69
Q54Q69
Q54Q69
Q55C16
Q54Q69
Q54Q69
Q14204
Q9P7G4
Q9SFU0
P49599
Q2JXC9
Q940E8
O00835
Q9SGP2
P51414
A8JUV0
O24600
Q96IV6
Q01520
Q9SMI3
A2XDG4
Q54DD7
Q9M0V3
P29975
Q7S6S4
Q24JN5
P22121
P22121
Q9TXJ0
P58283
P53969
O64668
F4J3G5
Q9HC29
Q5PT53
Q8VZI2
Q09195
P10961
P40383
Q9UTD0
O54965
Q9HAU5
P07053
P35035
P35035
Q17RQ9
A3AVH5
Q9SZ67
Q00416
Q10155
O75185
P35499
Q28HN4
Q9NXF8
Q9USK3
Q8C3I8
Q54LB8
B2RJG1
E3QBI3
Q5UQQ7
Q0UWA6
Q9LD90
Q9FNU2
P55080
P38143
Q9QXN5
Q9C8H0
P9WKL1
Q9SSL9
Q5RE33
Q75B82
Q91YR5
Q9BRU9
Q54XX9
Q7RTR2
Q0WKV3
P31178
Q8JFW4
Q42395
O84068
Q9M7X7
Q60HF9
Q90655
Q10058
Q0JEQ2
Q9UT92
Q9H4Z3
Q40301
Q6NWX7
O53732
Q6Z9C3
P53980
Q10215
Q5XIH7
Q9HGL6
Q9BXS5
Q9SZ67
P0AED9
Q43007
Q9FJD4
F4JSE7
Q75K12
Q9P775
F4JGP4
F4JGP4
Q8W4G3
Q9C5D0
Q539E5
Q13336
Q5ZRP2
Q58549
Q869R1
Q8GYL3
Q9SZD1
P93262
Q9SL95
Q5JH71
O75899
Q942D6
Q01484
Q9SZ67
Q4WY33
Q4WY33
Q9HGQ2
P10961
P38921
P48758
O64422
Q91784
Q8MTI2
Q55BW2
Q07121
B7KHD2
Q6MEC9
Q8MTI2
P10961
Q9FNB0
Q8R7C8
Q63450
P71089
Q8LR50
Q9VW14
Q96LD8
Q86W24
Q9Z0S1
Q8NXX6
Q04678
P18087
P59382
Q9FIJ7
P42942
Q071E0
O73955
P68574
P28024
Q8TBM8
Q949R4
P15170
Q42395
Q42395
Q9BRS2
Q42599
Q0JM17
Q40297
Q9WZ31
Q10311
Q24169
P62313
P39907
Q19775
Q3BWM5
Q8L850
P16067
Q0P5L0
A4R8B5
P26182
P71089
Q6DG19
O04226
Q940B0
P22589
P62972
P05979
Q28BX9
P14070
P12863
O06489
Q8J0F5
P38206
O95639
Q6C673
P23189
O77404
P64918
P30838
Q54WZ2
Q9PLE0
Q7RTR2
Q8IZN3
Q672J9
O54701
Q9U6A0
Q9FI61
Q02SH2
Q6C703
B0K8T4
Q90972
Q14181
Q10MH8
Q10MH8
Q9UNH5
O59258
B5YM03
Q0VD01
Q0DLB9
Q96H78
Q9M339
Q5AF03
Q9FIZ3
Q9XIE1
O94906
D3Z9Z9
Q6CMG4
P47843
P55189
Q5F3X4
Q93Y01
Q54PB2
Q91YJ3
O60841
Q54K96
B2A1E8
P29787
Q7ZZ03
Q9SLN5
Q9J569
Q9C9M7
O34612
P56213
A0T0X0
Q41093
Q42395
A4XK62
Q63797
Q8VZF6
Q39575
P74667
O28325
Q9R0M8
P0C0L7
P40984
Q7RXY1
Q8K2X8
O57391
Q9FEF8
Q0V9R4
Q8H1D9
Q9FFZ1
P0DKC4
Q9STN7
Q9VKD3
Q7TS68
P26683
Q28IG8
Q54S38
O74831
Q9FN03
F4ILF8
Q9ZPJ8
O81360
Q43362
Q1IWN1
Q55DW4
Q7Z6V5
Q6IQ26
P25384
P10978
Q9FKX5
Q8GT75
Q5GIG6
G0LXV8
Q12955
P40694
O64668
F4ILF8
F4ILF8
P11369
Q59RQ0
Q8L783
A2BGR3
Q8BMD7
Q9Y6D6
Q802U2
Q9JZR3
Q07864
O74918
Q75VR1
Q8H8V7
O04584
O04584
Q9LKW9
P57720
Q402U7
O13787
Q7Z9I2
O13941
Q8N118
F4IVR7
Q9LMM2
Q9SRH6
Q32KH9
Q7T0Q5
Q5FWU8
Q9C8Z4
Q9SRV1
Q60HH2
Q9VCA8
Q16932
B7KCH0
P14133
A4QP78
Q8W032
P54641
Q18515
P37841
Q9JI13
Q54UU1
Q9UQ07
Q18515
Q8BVE8
A0T0X1
Q56K03
P59114
Q55G10
Q9M8D3
Q13EM2
Q84ND9
Q9MA74
Q9LRA7
Q8GYX8
P58557
P58557
Q3U3R4
Q8W489
P49964
P51691
Q01J96
Q9FF61
P0C224
Q6MD31
Q6MD31
O34718
Q9SI54
Q9SGH2
Q28FF3
Q08BW0
Q74FW6
O60149
O51264
Q9JJ80
Q6NPM8
P20533
P00072
C0LGU5
O82244
Q2QQ96
A6TSZ1
Q8MTI2
Q9GV41
P50192
O65282
Q95LP1
Q5M9F1
P93236
Q75JG8
Q5PPV3
Q5NVK7
P28178
O22558
B9L0I4
P44326
Q6Z1J6
Q56X52
O93937
O13615
F6XBL2
Q83WF2
Q9SVG0
Q6P8C8
Q9USX9
Q9FYF9
Q2JTV2
Q9TXJ0
Q9SGC1
Q9LHP4
Q5N7A7
P31692
Q6C4C9
P00781
Q96I24
O43051
Q9ZVN2
B3EE31
Q6AXC6
Q7VJ79
Q4PBY6
Q54Q69
F4I9Q5
Q4P5U4
C0LGR3
O15541
O15541
Q9LJK1
Q6L732
P63245
Q8MTI2
Q08584
Q3MHW0
Q23716
D0NHA2
Q9LTV6
Q55720
Q80Z37
Q5R6U3
Q9M622
Q7T037
Q10248
Q06609
Q5L6U7
Q8T277
O22850
Q94B08
P93025
Q28FE0
O04584
O12947
Q87YQ1
O67781
Q42624
Q552W5
Q5UNT8
J9RYI6
Q39433
P64956
O00567
P29114
Q5RFQ0
Q03730
Q8MTI2
Q2S535
Q6NLC1
O31571
Q8AVJ0
Q5XI05
Q54BI5
P13228
Q9XGR4
Q32L22
O94300
Q9NXF8
Q40784
Q7NVL7
Q0C8A0
Q8VWI1
P62302
P50125
P9WM79
Q08972
Q54ZR7
Q9LKW9
P46277
Q5HPC7
P10775
Q9VHI4
P04146
Q4UMX2
Q9AE24
P41151
Q5AB49
Q8WZJ7
Q45585
A6VE54
P34385
P44197
Q0W3X3
P29787
Q24740
Q9ASX5
Q9SZ67
Q9SF40
Q60389
Q6H6D2
Q5R5L3
Q0VFV7
Q64057
Q4KLN6
Q9SHI2
Q8W471
O00232
Q9VDD7
F1R6N4
F1R6N4
Q54S03
Q6GNP0
Q9P7C8
Q6ZMV9
Q9CQA9
Q5YLM1
F4JCY2
Q8GUH7
Q75JF3
Q9M2F1
Q6VBB2
Q0DWQ1
Q99145
Q10SM2
Q6IMN8
O77834
O00370
A0LZD4
P25012
Q29EY2
Q8BID8
A6H779
B6JFZ2
Q5RET6
Q8VIG3
Q8VIG3
Q8LGA1
Q23868
B4GA28
P34697
Q2JWJ1
B7GLK2
Q566R0
Q0WRJ7
P41116
Q8RWF4
Q56JY9
Q65RT2
Q9Y2D2
Q9LD55
Q9SE00
C7TMK0
Q0IUU4
Q0IUU4
O80513
Q6NRQ1
P72926
P72800
P54629
P28345
Q87AD3
Q9VXB0
Q8R1T4
Q9FL28
Q54VQ7
Q7SIC1
Q11WK6
Q0JM17
O34313
Q39709
Q9D8S9
P00782
Q9LKI7
Q3IGW8
Q43644
P38230
Q5ZJL8
P42457
Q6AWU6
Q9CYR6
A5FKD9
P28612
P42798
Q86V88
P06197
Q09575
O22286
Q9LFH0
Q9C5E7
C0LGU5
Q54GW3
Q28HN4
Q54GW3
Q6CHE9
P29610
Q641C9
Q8R151
B6JJN9
P9WMN7
P31319
Q60GC1
P27190
Q9MAT5
P10978
P04694
Q32P85
Q9UV33
Q18411
Q54BF6
P0AB70
Q9LYR5
Q60YT6
Q86HN7
P85207
Q8WQI7
Q949P2
Q5ZJC7
Q6DKE6
A7PZL3
O18783
Q8VZB9
O21243
P62972
Q8SSK1
A5D6R3
Q02253
Q8RY89
P39907
Q8BGC0
Q7S6S4
Q9FTT3
Q5ZL98
Q54S90
D3ZGS3
Q8LGF7
P78813
Q8IZ02
Q54DD3
O14036
Q54UC2
O34760
Q54VV7
Q54W52
P34801
A7SD85
O15066
F4JLM5
Q9N3B0
Q9SJ20
Q75LD5
Q84QU8
A6L7J6
O34309
Q68DC2
Q9FII5
Q5UPG5
Q9M2W2
O94432
P73555
Q869K3
Q869K3
P35035
Q949Y5
Q76I76
Q6IVY4
Q9LHT0
P30616
Q4KLY4
Q9C6Y3
A5N6Y3
Q15291
A6VSX4
A6VSX4
Q06908
Q3E813
O22558
Q9FF61
Q8W4J3
Q9SMI2
P39869
Q5AF03
Q7XR52
P46465
Q9LLY4
P73270
Q96320
Q96320
F4HT41
P80269
Q84L08
Q9VW15
Q3T196
A0M6M4
V5YMB3
Q00277
Q9XGX8
Q9XGX8
Q8FUM7
Q9SQH9
Q9M1X5
Q8X5X6
Q40784
O05389
P05689
P51588
P93099
Q2KHN1
Q9Y2H1
Q9BU02
Q54BC8
Q59H18
Q54QB1
Q6LDD9
Q58709
A0T0N1
P44499
P94078
Q9SZX9
Q37600
Q29RK2
Q54YG8
Q0P457
Q8CSU0
Q5R9U9
P24922
O17433
Q17574
O58321
Q6DHC3
Q2U664
O74343
Q9DCV3
Q93ZQ5
Q9NW38
Q93VB2
P06867
P27190
Q9W4J5
Q9LKW9
Q5W6H5
P95806
P95806
O04212
O31489
P38624
P0A0E9
Q02953
F1QGH9
Q7ZVE6
Q8VYP0
Q4R506
A5UST8
Q962R9
P05979
Q9SMI2
Q9SMI2
Q55DY8
A4WNM9
Q54JM3
P08679
P02362
P62083
Q1ED21
Q8ZE42
A0T0R2
B7VPF3
Q58EM4
O34499
Q10CE4
B9DGD6
Q9U3N5
Q19892
Q1HRT4
Q9C9R3
Q9C9R3
Q40762
Q7S634
Q4VC12
O88509
Q9ZDW6
A6H639
Q71UH5
Q4L7A3
Q9Z286
P34422
Q28IN9
O46683
Q8BUV3
Q8H104
P48480
Q54MZ3
P11966
Q54Q69
Q9LU21
Q0DK10
P32987
Q8LCV1
Q9MA15
Q863I2
Q0WVE8
Q10474
Q28I39
Q8LGU7
Q5R831
Q7ZW41
P20839
P0CG15
Q12306
Q04634
Q42972
Q39570
Q39570
Q54BF6
Q2JMP7
P22335
Q54DK4
P17078
Q0WM29
P93732
Q9D7P6
Q55512
Q9Y2E8
Q9Y2E8
Q7SF55
P41817
P45127
Q0VRH4
Q54Q69
A8IHV3
Q8YWR1
Q4FZW5
Q8GZ63
A7RK30
F4IHS2
P38758
B1XPG7
Q09639
Q15427
Q3A4X5
Q9XVV5
Q9D0U1
O14327
Q9UUY8
P27253
Q9VPY8
Q9VPY8
Q8XNV1
Q8XNV1
Q9VEX0
Q2XWK0
Q1LJR0
Q54I81
Q54FR4
Q87IM1
Q824H7
Q99L04
Q9D3U0
P29766
Q7ZVE6
Q9D1A2
Q9QXN5
P0CN16
P0C1J5
P43842
Q6PDI5
Q112L2
Q9H6T3
P82460
Q9P7P6
O82413
Q7N3M0
Q6NNI8
P51593
Q6JHU8
Q09690
Q3USY0
Q9C942
P27075
P53041
Q94AC1
A7YWC4
Q9HCD6
Q869V1
Q9C0Y8
P63159
Q9W590
Q9W590
O24163
Q38676
A8YPR6
Q8LES0
Q9TXJ0
P33165
D0MVS1
Q9P6J2
P79739
Q9QXL7
O13718
Q9C776
Q71A39
Q64581
Q9SCY2
P13982
Q6VE94
Q9U6A0
Q9NR34
P12297
P35918
P14868
Q9Z207
B7JW76
Q89AB6
Q84MP7
O22478
O23515
Q9UTK0
Q54YG5
Q7XDQ7
Q9SL76
Q5UNS8
Q89EM9
Q9SUI2
Q9FKB0
A7IIE4
Q9QXE5
Q9QXE5
Q9ZVR7
P38533
Q84TG1
Q6QQT1
Q00218
P50889
Q9MA96
P59941
D3ZF42
O18373
O18373
P54982
P54982
A5DB51
P74572
Q93YR3
O94580
P53607
Q02790
Q9MZS9
Q9LIG0
Q63707
Q566V0
Q2JM43
P0CG82
P43785
Q38868
B7G3Y9
Q9UUY8
P43254
E3G381
Q54QG9
Q9H7B4
P62972
Q569Z2
P47039
Q8Z9L5
Q71UF4
Q40255
Q0DSV9
Q9C5Y4
Q86KU2
Q9FIV6
Q91ZW3
Q9SSJ8
Q9VH19
Q5VQ78
P93484
P53980
P53980
Q9CR62
P10961
B7ZUF3
Q9SBN4
P04919
Q9ZTZ7
Q9VC57
Q3BAI2
B4UN04
P21569
Q54IP0
P45122
Q7ZV00
P38988
Q58760
Q54MB9
P53875
F4JAU3
Q6AX45
Q5R533
B0G172
Q9C641
Q8BR93
P34801
Q8MNV7
P41768
Q3TZI6
Q13216
Q13216
Q75N73
Q9FRL8
Q94JV5
Q5R4H0
Q9WVP1
Q94392
Q94392
Q8T1C6
Q8T1C6
Q4PHU9
Q54Y55
Q84MB6
Q9CAI1
Q02790
Q03400
A4IHR1
Q96VU9
Q3T0G5
O66790
Q9LMZ9
B2KI97
P10955
Q9LS40
O43085
Q8LES0
P73121
Q42395
P42158
Q7RTR2
P42856
Q55135
Q55135
P32470
Q3ULJ0
P47943
Q16795
Q5BJS4
Q9CR62
A4K2Q6
P05081
Q6VBB2
Q6LA54
Q7RAH3
P51817
Q2KJD3
Q55FR9
Q94B74
Q9MAU3
Q1ZXK3
Q539E5
P0CI65
Q640V9
Q8JIL9
C4Z312
Q71S22
Q607A6
Q6TGW5
P59047
P0A962
P43564
A6QP15
Q55GS2
Q9LJN8
P14325
P30041
Q8PU23
Q83A83
Q68FU5
Q6LZY8
Q9S726
O82462
Q6DKE0
Q9C512
F4J7A7
Q3UMR0
Q8GUG9
P40313
P67156
Q9I4V0
Q58EM4
P31521
Q0WUU6
Q6DDU8
Q8LAP6
Q8LAP6
Q5Z9I2
Q9XVZ8
A8N936
Q93ZA0
Q9TXJ0
Q13976
Q6AXS0
Q54QG0
O35379
Q9LYY2
P38529
Q17045
Q709C8
P41363
Q657C0
Q6NPM8
Q4HZB8
O43918
P40862
P0C1J6
Q70WY6
Q9NHC6
O93779
P9WFY3
Q7ZVE6
P22121
P22121
Q92539
P38132
P0DKC4
Q55FN7
P54689
P0A9T5
Q9LMZ9
Q7T3T4
P10862
Q682I1
Q9Y6R1
Q9Y6R1
P50429
Q00302
O80725
P10775
Q54E04
Q55669
Q9LJU7
O26779
Q39444
Q8VY89
Q5ZLT0
P74615
O88871
P22589
P44681
Q2KJD3
Q9WZ31
Q5JXM2
O59737
Q0WMV8
Q6K9G1
Q92J08
Q92J08
P35251
P44760
Q8W1X2
Q8H113
P49483
O22854
P41768
Q9FNZ1
P36551
Q29RM3
Q2R2P7
P38532
F4J3G5
Q39709
Q03965
Q56Y42
Q6DH44
Q5RB77
Q9FY06
Q99VF6
P37271
P56960
P56960
Q5ZBH5
O55099
Q12797
Q0QLE4
Q0QLE4
Q0QLE4
Q0QLE4
Q67Z52
Q9JKB8
Q8BZR9
Q15021
Q9H7B4
O69060
Q60HE6
Q09996
Q9T042
Q58DM7
Q8BTQ0
Q07G17
Q8LBL1
O80905
P22011
P25007
Q43362
B3ETC6
Q8ZPI0
Q9SZ67
Q330K2
Q67XX3
O74850
Q9KPQ9
Q56YP2
O48709
Q9FLM8
P35684
Q4P9K9
Q7RTR2
Q54FE6
Q6NLQ6
Q0VD51
Q9GLW9
B8ELF8
P38511
Q2NCA3
Q9LHE5
Q9BRT8
P53206
Q6GLK6
A1KS36
Q02953
A7X5R6
Q8JFV8
P10978
P72772
P46875
Q67W29
Q681Q7
P27133
Q08972
F4JMJ1
Q99M03
Q96PN6
P14285
Q9HE12
Q54GP3
P18297
Q65RT2
A8Y5H7
P17177
O15541
Q8L7N0
Q46888
P48758
Q7RTR2
Q5B995
Q8T882
D2Z027
Q4IQX3
A8Y1P7
Q2NL01
Q5R4W3
Q5R4W3
P43669
Q6EX42
Q8RY89
Q8RY89
Q8RY89
Q8MTI2
Q54DD3
P16120
P16120
Q86GV3
P49307
P49307
Q9TV69
Q54NP8
Q6GQE1
Q9LIC2
Q56Y42
P10978
Q9DBY8
O15371
Q5RCP3
P08181
Q53B88
Q9LE82
Q86WI3
Q84T61
Q5N808
F4I2H2
Q07204
P94573
Q4VC12
Q9LNB6
Q0P5L0
P40882
G5EBV0
I3PFJ9
Q3UY23
Q3UHX9
Q86K80
Q8C8R3
Q90YT0
Q6ATS0
P00110
Q23571
P78736
O08700
Q9Y3A2
Q9PLE0
Q2VPG3
O14617
Q1MTQ9
Q6NWL4
P63389
Q500Y9
O05389
Q7SXM7
Q9U7D0
Q8TQV6
Q3SJQ7
P79101
Q63472
O54853
Q63472
O59791
Q9P3U4
Q6ZQ88
Q5F477
Q7Z020
O94628
Q64338
Q9CFC9
Q9CFC9
Q9D8V0
Q8SSN5
C5DT72
Q9UTC5
Q9UTC5
Q7XUW4
K7Z9Q9
K7Z9Q9
Q9LT02
A8MS41
Q42540
P0C7R2
Q86V88
P55665
Q7ZUX6
Q9C0C7
P0C605
Q54UL8
V5YMB3
Q6AXC6
B5XAM2
Q93113
Q96ST2
Q55512
Q3MHW0
Q8T2T5
P58113
D4GUJ7
O74544
Q9SZ67
Q39709
Q9SHI2
P56859
P56859
Q8H0V6
Q02953
Q9LT31
Q55B06
O14730
P41189
P41189
Q9ZJZ2
Q54NQ9
P20054
C6DF46
O34539
Q08DJ8
Q49XN1
Q9CK02
Q1E0A3
Q8RWZ3
Q8RWZ3
Q5ZJG3
P0C0A3
Q9P6I5
Q2QPW1
Q6Q1P4
P01104
Q9P7J5
P07850
P07850
Q99L04
Q1GYV1
Q5XQC7
Q54GD8
Q54GD8
Q91WU6
Q9M315
Q9M315
Q9M315
Q9M315
Q54FR4
Q9ULH0
Q08DJ8
Q6ZLP5
Q3V172
Q9R1S0
Q9SZL6
Q29RL9
Q96W55
P69326
Q6GPW2
O13351
Q54G43
O28972
Q02075
Q0E3L5
Q9SZ83
Q8MTI2
O60447
P58824
E2JA28
Q42395
Q8RY89
Q08CH7
Q8RY89
Q8RY89
Q8RY89
Q8RY89
B9L0I4
Q90629
O95372
Q9BXR0
P56099
Q8NDF8
Q4G2T3
P46228
Q5GIG6
Q6MEC9
Q54F10
P74615
B8LCD8
Q54BW5
D3K0N9
Q254S7
Q8FY05
Q8FY05
Q1ZXF1
Q6ZUT9
P47265
A5DBI5
Q9SRV1
O70579
O43808
O70579
Q8LES0
P00516
P00516
Q8MTI2
Q8MTI2
Q8MTI2
Q8MTI2
Q8MTI2
Q8GX93
P55080
O35567
O35567
Q7Z6V5
Q7Z6V5
Q9VC45
P00516
P07850
Q9SRK7
A6NCM1
Q9SI54
A1JJ50
Q3BWM5
B7FXE8
B7FXE8
Q8MTI2
P10978
P10978
P10566
O43290
Q5Z9I2
G5CEW6
A6H639
Q9NS39
Q7ZVE6
A4IFE3
P25323
Q8H124
O07834
Q3T0A0
Q8NFD2
Q9SZA4
Q3V172
P60924
Q9HXI4
Q8GZ84
O00625
P25012
O94264
Q07352
Q60HH2
Q9LUJ5
O74468
Q80VP5
F1NW29
Q8IYJ1
Q7MNP0
Q9FF10
Q9FF10
A6VSX4
Q3EBR6
Q39160
Q8S4F6
Q54EJ5
Q54EJ5
Q54EJ5
Q5BK62
Q8BKN6
Q6GML7
Q4QNT3
Q5XIJ5
P32138
O14369
Q8LPN7
A3BN26
Q8MTI2
O64530
P44446
Q5RFQ3
O26153
Q3T102
P0C550
Q9FGZ9
Q3A4X5
Q6PFM0
Q9BLB6
P92965
Q92800
Q16720
Q9P786
Q8W4D0
Q9ZVN2
P05124
Q9FL28
Q7F8Q9
O82264
Q9LKW9
Q3KP44
O86422
B9U3F2
P27484
Q9LVM1
Q9SZ67
Q54Q69
Q40531
Q99JY0
Q9SKZ5
Q8J0U2
A4VLQ5
Q0WLC6
Q0WLC6
B9DFS6
P35839
Q5FWP8
Q5FWP8
G2NFJ9
Q18515
Q552Y8
Q55E45
Q9HC07
O81304
Q5TKD8
A2Q898
Q13610
O81155
Q55DL2
Q9LIC2
Q9M8S8
Q00416
Q6K5F8
P48480
Q55GS4
A2X6X1
Q93VD3
Q8EQP2
P56859
P56859
Q91ZR5
Q91ZR5
Q11004
Q9CR50
O22558
Q9R6X3
Q9R6X3
P71089
P71089
Q8T1C6
P20533
Q9LYW5
Q7XJ53
Q5JK39
Q53B87
E9Q5R7
P29315
Q7RTR2
Q9LE82
Q53B88
P29315
Q9Y239
Q5DU56
Q94AC1
Q94AC1
Q94AC1
Q5UR04
Q8UVC3
P42765
A3DC75
A3DC75
Q43785
Q3ZX56
Q5MZ40
P73960
Q8VZG8
Q6B9X6
P09110
P26236
B2GV71
B2GV71
Q60182
Q8IZ02
Q86K80
Q3KP44
Q9ZU96
Q7PC88
Q7PC88
P86870
P47033
P47033
P0CK96
Q6NSR8
Q3TIX9
Q04GD7
P35036
P29787
P29787
Q9M0Z3
Q2KIA4
Q9MAT5
Q43207
Q923S9
Q9V2G1
Q2VJ60
Q58120
Q96IC2
P45954
Q54RR5
Q40297
Q54XA2
Q55680
Q55680
Q2MHE4
Q86Z98
Q9QYF1
P31937
P31937
Q6ZSS7
Q6MDI2
C7YQ31
Q54E83
Q68FD5
P42497
Q10MG9
P93673
Q9FN03
P19582
Q96IV6
Q10155
A0A0A7EPL0
Q93KD4
Q9ASU1
Q9SZ67
Q56598
Q41639
Q7M3S9
Q94K71
Q94B08
Q94B08
Q9HX48
Q9MA93
O31767
Q59VW6
Q8H0W0
Q54F30
Q9NB71
Q657W3
Q9BWV7
Q9BWV7
Q4WY33
P40632
Q4WY33
P96156
P39955
Q96CX2
Q99575
Q7TYX8
Q5R5J7
Q91YL2
Q9QYK7
Q803X4
P45766
P0CP98
Q9UKU0
Q6PFM1
Q54JE4
Q8XZZ5
P45684
Q8H1D9
Q7ZVL2
P07271
Q9FHN8
P21448
P04146
P40074
Q9M2E2
Q09621
Q8H0W2
Q8L840
Q8CF82
P30260
C0LGQ5
Q54K96
O49318
Q9FIZ3
O49318
Q9UUK1
P10184
Q9WV18
Q5R7K7
Q924H5
Q53RK8
Q96I24
A3Q5L8
Q9SIK7
Q93VM9
Q93VM9
Q9V9A7
Q55GU0
Q55GU0
P20791
Q9FPJ4
Q8ERS7
Q9RRB7
Q9RRB7
Q67Z52
Q39Z84
Q4UG71
Q60HH8
F4ILF8
P56193
Q3E6S9
Q8GS60
P10090
Q09751
Q8L850
O23877
Q9WU62
Q9RAE6
Q59990
Q8VYP6
P40332
P40332
Q5PQM2
Q5PQM2
Q56YP2
O94335
Q9VJ34
B8C6S5
Q7RTR2
Q9NXF8
Q0J0A4
Q0J0A4
Q0J0A4
Q803I2
Q52QW2
Q54IP4
Q6CY84
Q9HX48
Q7RAV5
P32470
Q8IZ02
Q54CL2
Q9ZV15
Q9ZV15
Q9M1B5
Q4R720
O88178
O88178
P51821
P49076
Q9LUH8
Q9LUH8
Q9LUH8
F4JAU3
F4JAU3
Q9US35
Q9US35
Q6DEY7
Q50KB1
O48844
Q9SKZ5
P59723
P59723
Q8DCG0
Q8MTI2
Q8MTI2
Q54ED4
Q1MTN8
Q8MTI2
P91427
Q8MTI2
Q8MTI2
Q8MTI2
Q8AVL0
Q5BGA7
Q5BGA7
Q5BGA7
Q8BYH3
Q9SA98
Q9JIC3
Q99MY8
Q3EDF8
Q9T042
Q08BW0
O22558
C0LGG8
Q5PP26
P51817
Q8VYT3
Q54ED2
Q54ED2
O66114
A1Z9E2
Q8CG46
O97764
E1C213
P47977
Q810F5
Q6PAX2
P09437
B0K172
O43001
Q9FPR3
P23641
Q7RTR2
O23627
O67178
P39875
Q9VE01
Q7TN29
Q7TN29
Q7TN29
Q7TN29
Q6DN14
A0NGI1
Q9LJ87
Q90972
Q90972
Q9SIH1
Q54NP8
Q6AY17
Q28FM1
Q28FM1
Q8MTI2
Q8BG79
P22454
O81155
P39888
O94609
Q9DCV6
P32331
Q54BT3
Q54BT3
Q42572
Q9SZ67
Q7PC88
Q9XIE2
Q8T1C6
Q566T0
P54493
Q7RTR2
Q6Z1C0
Q8C8R3
Q3UMR0
Q01177
Q01177
O80925
Q8UVC3
Q10SC8
Q5GIG6
Q3C1A6
Q869V1
P52986
Q9SFB8
Q7ZV90
Q5U4E8
Q499U8
Q4WZ44
Q54CX4
C0LGP4
C0LGR3
P77689
O74864
O74864
Q9BTV7
P52550
Q8VEG6
Q6GQE1
P00516
B9SLR1
O43085
Q08C69
Q9CK02
Q9CK02
Q54Q69
A1L4W5
Q8T1C6
Q4P9K9
O13395
P14802
P54554
Q59990
P14909
Q9LZ03
Q84QU8
C0LGU1
C0LGU1
Q7PC88
P04146
Q19QT7
Q60HG7
P34221
P10978
P10978
Q8R1F6
P15567
A5WFR0
Q8TC12
Q9HBH5
P55735
Q7Z494
Q42395
Q42395
Q42395
Q4DJ07
A6H7I3
P28606
Q54U31
P49642
Q9S4D5
Q14181
Q9S4D5
O22145
Q9P6L7
Q7XA87
Q8MTI2
P00439
P23173
Q8IXH7
Q8CR47
Q8CR47
P39907
P39907
P39907
P50848
Q5F364
Q5F364
Q8MTI2
Q4KLT0
Q55C77
O97860
P49657
Q9Z188
Q5DU56
P29114
Q9BT30
Q09WE7
P31327
Q9VH19
Q9C8L2
P56399
P42347
P24076
P24076
P01053
Q6P5D3
Q58097
Q9XHG2
O49561
Q9H0R3
Q556J8
Q9HBJ7
Q55884
Q55884
Q55710
Q64611
Q42954
O44006
O13755
Q9UET6
Q9EPU0
Q4VCM1
P00516
P00516
O60884
O04287
Q9FLM3
P52888
Q8C1A5
Q7XJJ7
O05519
O05519
Q60520
A3LR68
Q9LMZ9
Q8ZKL1
Q9BSJ2
Q54VV7
P38529
Q9Z273
Q8KG38
Q8KG38
Q9LVZ7
Q9LVZ7
Q8VZI2
Q6WQJ1
Q9LDU6
Q9LDU6
P34331
Q10QR9
Q10QR9
Q8VYC8
O42644
Q5ZLK5
P41154
Q942D6
Q94BU1
Q8MTI2
Q8MTI2
Q8GVC7
Q13099
P10708
P10708
Q08CS6
Q9HC29
P72926
Q8RY46
Q94AG6
Q55720
F4JNU8
F4JNU8
Q6WKZ8
Q9FJI5
P30725
Q9EQH7
P74369
Q9Z1N4
Q42395
P38420
Q9SEI4
O42563
Q4HX89
Q12VF3
Q29554
Q9FKM5
Q5BJ68
Q9LTV6
Q8W4K3
Q8W4K3
Q9SL95
B4L6Q5
B4MPK3
Q8I8U2
P31512
Q9LVN1
C0LGQ5
P46935
P39940
Q3E6Y3
Q9D7Q1
Q0BRH7
Q54HC6
Q8UVC3
Q8UVC3
Q8UVC3
Q8UVC3
Q54PB2
Q6AY17
Q3E9C0
Q6DEB1
O96099
Q8BHJ9
Q6CU99
Q4WPF8
P04146
O23365
Q6INL7
Q9C5X9
Q2S0I2
Q9C6T1
Q1RMH9
Q1RMH9
Q8R151
Q8LE52
Q71H73
Q8W0Z9
Q5RCZ7
Q9SRV1
P74367
Q8VDI9
Q8VDI9
Q54TR5
Q68BJ6
A4G3R1
Q86W10
Q8MTI2
Q8MTI2
P39981
Q9LEV7
A2SXS5
Q9XES1
Q9XES1
Q9XES1
Q9XES1
Q9SIC9
Q54Q69
Q94702
Q94702
O67074
P0C026
Q9S7L2
Q9S7L2
P44836
Q9LSM5
Q82WZ5
Q3V172
Q3V172
P60924
Q91WL8
Q5XH07
Q5XH07
P11959
Q39757
Q75LD5
Q8MTI2
Q8MTI2
Q8MTI2
Q8MTI2
Q66GV0
Q9LZ98
Q9SIS4
Q9NRR6
P38994
O96612
O96612
Q14562
Q9P7P8
Q69TY4
Q8BQJ6
Q94BV5
Q52KW8
Q84L30
Q8ZD80
Q0JJS8
Q7SHZ2
Q7RTR2
P39847
Q6L732
B1J1N8
Q8L850
Q869Q0
Q9NS86
Q4UMH6
P42863
Q7JQ32
Q8MTI2
Q8LFL8
Q9SKX5
Q8MTI2
Q8MTI2
Q3MHW0
Q3MHW0
Q3MHW0
Q8RXY0
O04034
O04034
Q9ZU35
Q941I6
Q2KIY1
Q9VL00
Q640I9
Q6VBB2
Q54Q69
P51399
O24371
P51399
Q54RF3
Q9R1X5
C0LGP4
C0LGQ5
Q9ZVR7
Q9LZV7
Q9SGP2
O13828
F4IME1
Q658H5
P24555
P51958
A9MH08
Q9DCD2
Q9DCD2
Q8N0W3
Q6WQJ1
Q00449
Q9NRK6
Q93YN9
Q5ZJP5
Q9SLD2
Q9SLD2
P60924
Q946J8
Q5N0T6
P06244
Q7S5R1
P06244
Q24629
P37571
Q9NS00
Q9FNU2
Q8MTI2
Q54YG8
Q5YLM1
Q5YLM1
Q5YLM1
Q5YLM1
Q90972
Q90972
Q28CV2
Q8YSU5
Q9M2D2
O80832
P35123
Q9XF67
Q9C1X5
Q66E82
A7STV9
O81635
P9WHH5
P9WHH5
Q9CV28
Q9FFL1
Q6F6Q6
Q053R1
Q54Q69
Q54Q69
Q3SX07
Q54Q69
Q9FGF0
P09960
Q83WC3
Q9KJ21
Q99L45
B8LBM8
B8LBM8
Q86U10
A1A643
Q3E9C0
O60508
Q9KBI9
Q8MTI2
F4JY84
Q9S7J8
Q8CN02
Q8GUH7
Q9FMV5
A3DCH1
Q9FJJ5
O07345
Q9JID1
Q9JID1
Q9JID1
Q9JID1
Q9VYS3
Q27YU0
Q27YU0
Q6EX42
Q6PD62
Q54EN1
Q54EN1
Q10311
Q54HW1
P17069
Q9FFU6
Q9T034
A9CJC9
A9CJC9
Q9FMH5
P73689
P50944
Q9Y239
P50944
Q43307
Q9FYA6
P04352
P04352
P04352
P04352
Q9ASU1
Q9FRS6
P07001
Q7X659
F4HNU6
Q9C512
Q5XGE0
Q7K4B3
O23365
P0A962
B2J6I0
P35559
O08901
Q5UQ63
O35923
P46605
P72780
Q9USZ2
Q9VR91
Q8CWK7
P32863
Q8N841
Q28614
Q6MG62
Q8T1C6
Q8T1C6
Q8S4F6
Q5ZU30
Q5ZU30
Q5B1Z0
Q10914
Q00961
Q54Q80
Q29RJ0
Q29RJ0
Q6PI47
Q6PI47
Q29RJ0
Q29RJ0
Q7PC88
Q9JIK5
P55853
P55853
Q84WV9
Q86A21
O42895
Q54Q69
P05934
Q9ATY5
Q9ATY5
Q54Q69
Q54Q69
Q54Q69
Q2XXQ2
P08299
Q9LXD7
Q84V18
Q9VLC1
Q6NTZ6
P72926
Q15349
P25323
Q54CY9
P15348
O06489
Q05627
Q05627
Q9FFL1
Q9LIC2
Q94KI8
O74431
O59952
O59952
O59952
O59952
P15446
Q68EH9
Q9R1X5
Q9CMW1
Q8LSQ2
Q8LSQ2
Q54Q69
Q54Q69
Q9UVL1
O27442
O27442
P45798
P45798
P45798
O66682
Q42404
O60841
Q9XIG1
Q5RJZ1
Q6AXQ5
Q8IYD8
P64918
Q9LHP4
Q6EPQ3
Q9ZLZ3
P41152
P41152
P35039
P35039
P29787
Q89RW1
Q9FFZ1
Q9FFZ1
Q54089
Q9ESG9
Q9USU3
D3Z813
Q76C99
Q6PDQ2
Q8LQJ8
Q6DW76
Q9QXY9
Q6IQ26
Q7YS61
Q24JN5
O06493
O81852
Q96KA5
Q8GXU8
Q9LYW9
Q8CH36
P0CH07
P0CH09
O00116
Q8MTI2
Q12754
Q5BJL5
A8JUV0
Q54Q69
P36181
Q9UNX4
Q9VW14
Q84T61
Q3UIR3
P38206
P38206
A9MN78
Q8GYL3
Q8GYL3
Q8GYL3
Q94636
Q9SSL9
P51660
Q02207
Q2U6C4
Q9LZX8
Q9J569
Q13107
O75037
Q8BYH8
B5DE69
Q8BYH8
Q8BYH8
Q8JFW1
Q9N0Y2
O70579
O43808
O34678
O70579
Q9LYN8
Q9LYN8
Q9LYN8
Q9LYN8
O15439
P35037
P29787
P35035
Q54Q69
Q5ZIW5
P10978
O09452
O78497
Q8T191
P40618
P05466
Q03091
P20135
Q9SGH2
A0JM49
A0JM49
Q0P5W1
Q6R5J2
Q55E69
O34942
Q6AYQ6
Q6AYQ6
P55038
O53732
A2RUV5
A2RUV5
Q6P2B1
A5ILG0
F4JP48
Q54P92
O15050
O15050
P04146
P04146
Q9JHR7
O61307
Q6AY17
Q6AY17
Q6AY17
P36591
Q9R0L1
Q9ULV5
Q9U1M8
P0DH79
Q9U1M8
Q9H252
Q9H252
Q9H252
Q8BZ25
Q15477
Q6DGG1
Q73IC2
Q41596
Q8YVS8
Q803A0
Q3SZK1
P05205
Q9FNS4
Q54MI6
P28606
O23404
Q6MD31
Q5XGA9
Q6PGB6
Q5XGA9
Q09023
P51799
F4IRU3
O80452
Q9DBT5
Q54WZ2
Q8W4Q3
Q6PCF9
A8JF70
Q54KX3
P23978
Q8W4G3
Q8W4G3
Q6G2R5
Q6G2R5
Q6NZP1
Q54Y55
Q67S53
Q9R0L1
Q9R0L1
Q7XZU3
P53995
Q9DBB8
Q9DBB8
Q9LBG2
Q9LBG2
Q9LBG2
Q9LBG2
Q99289
Q9VED0
Q5DU56
Q54U63
P59110
Q8EXJ3
O14981
Q54MP8
Q8ZXM4
Q8ZXM4
A2BIX4
O74889
Q15386
E1BE02
P05205
P61872
Q9USU3
Q9USU3
Q8C0I1
Q869E1
P45766
F4I9Q5
Q55F21
Q55F21
Q9LX20
Q39054
Q39054
Q39054
Q9ZPY9
P14133
Q40588
P14133
A2XDG4
A3AF13
Q9SZ67
Q9SZ67
A0JPI9
Q09571
P12011
Q4QY64
Q4QY64
Q8T2T7
Q6VBB2
Q9LFF1
P49599
Q5HZ38
P51784
P51784
Q7RTR2
Q1L994
Q7RTR2
Q54Q69
Q9UBF8
Q6STH5
Q6STH5
Q9M1I1
Q5R8V1
P46874
P48052
Q8DIU1
Q26998
Q26998
P46063
Q9VH19
Q9VH19
Q9VH19
Q3UIR3
Q96L91
Q58623
Q8MTI2
Q8BH75
P05205
Q54Q69
Q54Q69
Q9Z2A0
Q9Z2A0
Q69ZQ2
Q1ZXQ8
A5ILG0
Q672J9
Q672J9
Q54F44
Q8GXM8
Q1LWH4
Q5RJF7
Q53B88
Q53B88
Q54LB8
Q9M2Z1
Q9M2Z1
Q8RZV7
Q9FL28
C0LGP4
Q0WVM4
Q9C9N5
C0LGP4
Q54Q69
Q54Q69
Q5RJF7
Q9Z1L5
Q94F30
Q8W032
Q9SMT7
Q01320
F4JC97
Q9USH5
Q9USH5
Q756J5
Q9W092
Q9FF81
P0C224
P0C224
P0C224
B0K172
Q6CLR3
Q6CB69
Q9SAC0
P41889
P51399
Q8GSM2
F8S296
Q80Y20
Q80Y20
Q869L3
Q5S1S6
Q54I71
P47977
Q8N2E2
Q5TGY1
Q5TGY1
P90520
P39907
P39907
P25070
Q42510
Q54Q69
P29974
P13670
P13670
Q1LXK5
O00423
Q9SSL9
Q9S702
A6ZM04
Q54Q69
Q39575
Q96JB1
Q54Q69
P59913
Q23858
Q7XQ12
Q08584
P50846
Q9SQH9
B1JI34
Q9FGS4
P54904
Q5KWK2
Q9STH1
O29441
Q99JG3
Q90W04
Q9VQG4
Q9SY73
P45073
O80832
P38016
Q8A988
Q8TDR0
Q9I644
P0ACI9
Q89ZK3
A0M5P1
Q9HGL2
Q58CZ9
A4VMV0
A6GWT7
Q82DS2
Q7ZXV5
P31448
Q5N0L0
Q6PAY6
Q46863
A0LZ03
Q9HX91
P64590
Q98G09
P62580
P0A9G6
O78411
P0A4Q2
Q1XDM0
Q8L611
Q9Y7R7
P38748
O60182
Q9ZW86
Q9ZLI1
Q9XIC7
Q2VEQ7
Q4KLB0
P80561
P0A9T5
P33008
P46562
P9WML3
Q6IMI6
Q9Z8A6
Q9K5N0
O52402
P54925
P37478
Q75HV0
Q8HXX8
Q8S4Y1
B3E600
A0M588
P45798
Q9Z8M3
Q45827
Q5NBP9
Q8PE50
Q11Y69
Q8EER3
Q9R9N5
P81140
Q9KU07
Q9FJR0
P41034
Q9FNN5
Q5ZJG3
Q5ZMS3
P46686
B6TRH4
Q9CQI7
F4ILY9
Q8EQ52
Q9GV41
D4AIS9
Q9SQV1
Q6YCH2
Q7Z494
Q9C5R8
P31833
P0CAW9
A6LVG3
P51009
Q9ZUH1
Q8DJK9
P42784
Q6Z8C8
Q86K32
A0M529
O58549
Q11Z64
Q5FUR7
Q8EU05
A5FP04
P12848
O07541
Q489A4
Q5REB8
A0M367
Q6N7T7
D3ZU96
Q7XRX3
Q9MAM3
Q8BNI4
Q7RTR2
Q9BTW9
Q6FWS1
Q2RIS7
Q08CH7
P94474
P10242
P44411
B0BN95
Q56P03
Q9D051
B4RVU9
O27101
Q2A865
Q8BZ25
P75822
P20533
A0M3Z6
A4JPD1
A5FYZ9
P48514
O05940
O52402
P05444
P0A152
A5FKU7
A5FGV5
Q2SZW6
Q02217
A7HVT8
P32812
P73055
P71062
O64886
Q7XJ02
Q84ZL0
B8C4D7
Q91WL8
A1U9T8
P19951
B3R3T1
Q5BLE8
Q39709
P44074
Q5BKJ4
G5EEE9
Q9ZR37
P40805
Q9YGL9
P38942
A6GWI6
O32102
P37522
Q92I22
P51831
Q9V9A7
Q9STY8
Q7MT83
B3PFQ2
Q985Y3
Q8G9F9
O69049
B1ZNE0
Q1ZXQ1
Q9LK36
Q41094
Q9FNU2
Q54Q92
Q9D706
Q94BU1
O67577
Q99VF6
Q75EV6
Q54NC8
P20825
Q9Y345
Q8R973
O22644
Q6VBA4
Q6B966
P0CAW9
Q8VC12
G3XD94
A9EYY7
Q60716
P15877
P37584
Q06652
A3Q9C4
A7HPT7
Q9GKY7
O22000
Q9HX91
Q9HZJ5
P73810
Q7SIC1
P50889
Q9C550
O44125
Q5RDP9
Q8LB17
Q24117
Q54DK4
Q50KB1
P33610
Q9C6B3
Q9SZ67
Q53B87
Q2JMP7
P22942
Q9LHP4
Q9H8M5
Q8T1C6
Q803W1
Q41093
P42305
P36366
O76924
O76924
Q55512
Q0ANQ0
Q8F7N5
O28972
Q9LVN1
Q2M389
Q6RVV4
Q9ZV87
Q9ZV87
Q6P5F9
Q9CR50
Q9SSA5
A0AUS0
Q9FGF0
Q9SBN4
Q84XV2
Q9M0V6
Q8MTI2
Q8H1Q1
O67613
Q9SBN3
Q9SUM2
Q55118
Q94KJ7
Q3BAI2
P35839
O43741
P49574
Q7RAH3
G4STG9
Q9VEX0
P80030
Q9SLA2
P73456
O94966
A1B195
Q6Q152
Q8LIN5
P40644
Q40297
Q9FL54
Q8K243
Q3BAI2
P67310
Q08585
C3LSV6
Q94AC1
O23755
Q5BJF2
Q9SZL4
Q9XGL4
Q0WQX7
A0T0Q9
Q5BLE8
Q7K4Y6
O04287
Q54Q80
Q9R0H0
Q9NR48
Q9BX63
P29144
P38994
Q9LFF1
Q9ASU1
Q00257
Q6EPQ3
Q8BMD7
Q9LFF1
Q4VC12
Q6PI78
P34313
Q9FFZ1
Q24JN5
Q86W24
Q86W24
O46106
C5P230
C5P230
Q9XTY1
E7EAU8
Q27128
Q02357
P0DJE3
Q02357
Q8K2V6
O70600
P05165
Q1JQD7
P75874
P75874
Q8CI15
P25323
Q54CY9
Q86AD7
Q9NJU9
Q8GXU8
Q55DV9
Q60HG7
Q7RX33
Q5ZJ27
Q9UFF9
P28737
Q8MTI2
Q8MTI2
P05205
O64642
Q9FT72
Q9Y7N0
Q502K2
Q502K2
Q502K2
O17433
Q3E6Y3
Q8CC88
A3KMH1
Q59RQ0
Q96G74
P49118
Q7RTR2
Q9LNB6
Q12118
Q12118
Q12118
C5P7A7
Q8MTI2
A8GIG8
A1W323
A0T0Q9
P04696
Q9US35
Q9DCV6
P48353
Q9W237
Q9MAT5
Q6ME07
P93099
Q5ZM83
P08898
A0T0M9
Q3SHP2
P0CT84
Q9C801
Q2S1W0
Q6FSC1
Q39571
O65493
Q9SZ67
Q9XI74
Q6R2K3
O22938
Q94BU1
Q46IQ5
P23636
Q42599
P48603
Q8T2A4
P55189
P61087
Q8H0V6
Q9D8V0
P10611
P10611
P10775
P14909
P14909
Q09875
Q539E5
Q539E5
Q8LDP4
Q9LSW8
Q2TAW0
Q59VW6
Q84R21
Q9M8Y0
Q7T330
Q54NK8
Q6NZP1
Q6NZP1
Q8EI17
B1KH27
Q83LF6
Q9VWP4
A2ARP1
Q4WNH8
Q6DHC3
P38605
Q9FL07
Q9UJX6
Q9UR17
P37273
P37273
P37273
O42885
Q5I0D7
Q9H7B4
Q9ESM7
Q90972
B8HLD2
Q14680
Q5BCG1
Q0WSF1
Q08D50
Q9FL28
Q8TFH0
Q5XGE0
P56099
Q6ZXV5
Q6ZXV5
Q9R1K5
P0C5C8
Q86WB0
Q9R1P4
Q8LE52
Q6YCH2
P0DMR6
A2AWA9
Q0P5A2
P73270
Q99145
Q9SGA6
P53355
P34801
Q8C8R3
Q9SAD9
P36209
Q70YI5
P04919
Q92F90
Q5RJL2
Q86FP7
P69061
P44429
P26360
F4KD71
Q8DJZ9
Q9LPG6
A6ZYI0
Q9CXR1
Q96GQ5
O34598
Q6BSL0
Q1QX69
Q5DU56
Q8X5X6
Q6MAG7
D4AIS9
D4AIS9
Q13976
Q9FKB0
Q8ZXM4
Q6AZT7
P53852
Q03685
Q12094
P36183
P55925
Q08584
Q9QW30
Q8S9M1
Q59H18
P31060
P46416
Q2KJH9
Q2KJH9
O23166
Q6P3E7
Q54MR6
Q54QI4
Q8IUF1
C0LGQ5
A6RW79
Q9I4K0
Q9SQL2
P62558
Q2KIY1
O96800
P38529
Q54MQ7
Q09734
Q2TE74
Q8GYX8
O94966
Q54BU4
P48910
A6VUA4
A0T0R1
O94906
Q98SJ2
P54641
P74615
Q9SZ67
O88178
P0CH09
Q9LT08
Q9LYN8
Q9LYN8
Q9LYN8
Q9LYN8
P49079
Q6AUC6
Q8T1C6
Q9LMA1
A8NZ80
Q54QI2
Q6G2R5
Q95QD7
O54068
Q6MD31
Q9V5L3
Q9FNS4
Q9FNS4
P80057
P80057
Q9CR50
Q54EN1
Q84W41
Q84W41
A9RBS1
Q9JZ25
Q9FH95
Q12496
O42900
Q9W4N2
Q9M9M6
Q9LK39
P78022
P12917
Q12375
Q9UJM8
Q949Q0
P76104
Q9HD40
Q54VQ6
Q99289
A4QND5
Q9H252
Q9H252
O82039
O74889
O74889
Q8MTI2
Q8MTI2
O43808
O13471
Q54I89
P07814
Q60FC2
Q60FC2
A0JP85
Q48761
P9WHH5
Q9C5J7
Q9C5J7
A1CHL3
Q9BRK0
O43933
A4FV98
P47842
P47843
Q3SZK1
O22558
Q8W4M7
Q9VL00
Q13395
Q9SXC9
Q1ZXD3
Q8NXX6
O86422
Q9SFB8
Q96S16
Q9SLN5
Q9SLN5
Q9LJX4
O60029
P16100
P52311
Q54JW5
P60924
O04035
Q96MW5
Q1RJR2
Q42395
Q42395
Q42395
Q08584
Q54Q69
Q9C9U1
Q9M354
A4QNR8
Q55505
Q9SZ67
Q43011
Q09621
Q09621
Q23917
Q9LY62
B0DZL3
Q59156
Q6AWW5
B7IG42
P05560
P07053
O00308
O15027
O05118
Q59022
Q39493
Q42371
Q0U3Y6
Q9C8J7
P39928
Q6MD31
O13769
Q9USH5
Q869Y7
Q9FMV1
Q6NLV4
P62323
Q7RTR2
P27643
Q14973
Q8T5Z7
Q9LN20
Q4PIN7
Q2JHM1
Q9LF68
Q96PM5
Q96PM5
Q9SKX5
P42620
Q8MTI2
Q8L850
P84079
Q06827
Q91YT0
P87313
P87055
Q8T6J5
Q9HD47
Q4KLQ5
Q99685
P41189
P27075
P83877
Q54J69
Q5FWH7
Q75N73
Q9VSL7
Q4V7N7
Q4R535
Q9ZU96
Q3EDF8
Q02981
Q9D273
Q9SSR1
P31521
P49541
Q9LXN4
O53580
O53580
Q9QZD4
A1L1F4
Q8GX93
Q8GX93
Q9LJL3
Q5BLD8
Q0BWR4
Q6NLC1
Q6NLC1
Q54Y55
Q9ZU35
B2J6I0
P87228
P13607
P13607
P58283
P58283
P52888
Q8BPG6
Q03468
Q94AG6
P43885
Q9Z265
Q5UQW4
Q9SZQ5
Q8MTI2
Q91ZR5
Q91ZR5
Q9JHW4
O43099
Q69TY4
Q9FFJ3
Q9FFJ3
A3EWL3
Q7S045
Q9UTN6
Q03043
A2PYH4
A2PYH4
A2RUV5
A2PYH4
Q9SB52
Q8H1Q2
Q54L52
Q54LY1
Q54LY1
Q14692
Q04637
Q8BYH8
Q9LRE6
Q54Q69
Q54Q69
Q8VZF6
Q5UQQ7
Q9Z2A0
Q9SCQ2
Q55909
P40566
Q9R1X5
Q9SIC9
Q9SIC9
Q07356
Q07356
Q9M041
P0DH79
P0DH79
Q9SJQ5
P45127
Q9BPU3
P23978
P23978
P31646
P31646
Q13107
Q9SL76
O74555
P26988
P26988
O54965
Q0IHH1
Q0IHH1
Q08CH7
P62494
Q8KWT2
Q8KWT2
P38531
O81148
Q9Y2E8
Q8R173
O81635
O88874
Q7NKS7
Q6BHV8
Q40255
P52986
Q5JXM2
O31634
O31634
Q3ZBF8
P54697
Q1ZXF7
Q9SAR5
Q9SAR5
Q0DJA0
P45455
P45455
Q802A6
O43063
O64432
P61869
Q9ZDW1
O15736
Q54TC5
P34737
Q8GUN2
Q55CD9
O02768
Q8RWY3
Q505D1
P49523
Q8RY89
Q9LKI7
P14655
Q9SZ67
Q9C9N5
Q9CFV1
O88509
Q9ZUI0
Q8VZF6
P95329
O64425
O64425
A4IFH4
Q9TW32
A6VVN4
Q84K71
P36361
P36361
Q9JIC3
Q9JIC3
Q40593
B2GV71
B2GV71
Q7NZD1
Q9RA11
Q8BU03
Q2T9R6
Q8BW96
Q9LYW9
A1CLD2
P45315
P0AG15
P15567
Q1QVW2
Q2G3T3
Q2G3T3
P40862
P11369
Q8MTI2
Q9UI42
Q5R4S7
Q5L5B2
P05986
P05986
Q7ZY08
Q5RIC0
Q9Y3D8
O35923
Q2KIB0
Q1LZA0
Q5YGP7
Q16UN6
Q7T0L7
Q16ZN9
P43886
Q9Z2Z6
D9R4W7
Q8S4R4
O64642
P34135
P28475
Q5R4J1
P04786
Q5FWU8
Q7ZVE6
Q56Y85
Q3E813
Q54Y83
P58824
B2III9
O49318
B2IYX1
D2Z027
Q54TR4
Q54TR4
Q680K2
A5D6R3
P42824
B1Y3R5
Q8RWW1
Q8R760
A1VYV7
Q6E1M8
Q9LUQ6
P07463
P56286
Q4VC12
Q9M084
P27484
Q9VCA8
P14249
Q9D1A2
O23365
O23365
O23365
Q8J294
Q9LVK3
F4JLE5
Q87MD4
Q54I86
O26865
O26865
A0T0V8
Q19683
Q9H3S4
Q9H6T3
A7S1L6
Q08479
A0A0H2VDN9
Q9FUS9
A2AQ19
O35459
Q01J96
C8V3W5
C8V3W5
C8V3W5
P53984
Q9SHI2
Q9SHI2
Q97EV3
Q8L9C4
Q54Q69
Q54Q69
O94966
O33662
Q06652
P30708
Q9H0Y0
Q9ZUC1
Q54L00
Q319Z8
E1V7W0
Q94KD3
Q7ZU99
Q3MHR0
Q6PEC4
Q52812
P60924
P38542
Q55855
O00418
Q9FN37
Q8MTI2
Q5R938
P37193
Q9M9L0
B0KT67
Q9XI84
Q9VE01
Q9VVR9
Q8NI37
Q28BZ2
Q99J27
Q8ERS7
A4QNS7
Q55669
Q9VXA0
P93184
Q8MTI2
P04919
Q0WPT7
Q9SRU2
Q6P5G6
Q6P5G6
Q3E9C0
Q9NZV8
C0LGQ5
P0DMT5
Q61YG1
Q54HW1
Q94502
Q59022
A4G3R1
A4G3R1
Q9C9U3
Q9C9U3
Q9VCA8
D3Z9Z9
Q9UTT1
Q9SZ67
Q9SZ67
Q5IS35
D4ANB6
P9WQ35
P9WQ35
Q9Y253
Q9VU68
O23627
Q6CUI0
Q0JAW2
Q658H5
Q9T050
Q8LBM4
Q8YDS2
Q2A121
E1BMP7
Q9SR00
Q9SR00
Q9Y239
Q00449
Q7KN62
F4IFC5
Q7TYX8
Q0AKB3
Q9FFZ1
Q9FFZ1
Q0AKB3
Q9FFZ1
P70187
Q96MC6
Q8VEE4
Q6PI47
Q96CX2
Q6KCD5
C7YSE7
Q92383
Q92383
Q6F3I7
O13282
D4ZX35
Q9XF67
Q9R0L1
Q94J16
P38529
Q2UCP5
Q64VX4
Q8S8Y8
Q15386
P54351
Q9SZ67
Q91YY4
P10978
P10978
P10978
Q9T050
P40618
Q7K237
Q8GSM2
O16025
Q5R7C1
O59737
Q54Q69
P52922
Q94F30
Q4V3B8
Q9FNY0
Q9FNY0
Q84C00
D5JWB3
Q08BG1
Q9Y239
P56677
Q00871
A8R7K9
Q8L970
P18253
P25007
Q0WPU1
Q0P5W1
Q9CA28
Q53FV1
Q6NWH0
Q6NWH0
A0T0X5
A0T0Y5
Q19775
Q8T1C6
Q8T1C6
D0NKK0
Q54KX3
Q54KX3
Q7U4Z9
Q95LP1
Q95LP1
Q8VXZ0
Q8VYW1
P38748
Q8MTI2
Q8RYE9
Q7M438
B0K880
Q8VXY7
Q7ZVL2
Q28718
Q42684
O30825
Q5R5V5
Q84Y18
Q9FLP6
Q5F389
Q8H112
Q08069
A0A0A7EPL0
Q9LUH8
Q9LUH8
P21335
Q1LZ75
Q0USF2
Q7TSH8
A7SL20
A7SL20
Q86ZC1
Q70Z18
P94400
Q9LN20
Q06547
Q7TYX8
Q6BZY4
Q9LYW5
Q6DDU8
Q6GX84
P39955
P99173
A4STE1
P59322
P79051
P19076
Q755M8
Q9Y385
Q5H879
Q3YL57
B7FUM7
A0JMH0
Q96CD2
Q96CD2
Q9YGP6
Q9FM67
Q6ZIK0
Q9WU62
Q8XIY5
Q5YLM1
Q55669
Q8ZAL4
P53395
P07850
P23466
Q9RDE2
Q2RM60
A5DWG1
Q5R941
Q93YU2
Q96ES7
Q550R7
Q6C4W5
Q86TL2
Q657W3
O94738
P0AFV2
Q55026
P21334
P54979
P28769
Q54TS4
Q4PE39
Q5R443
Q4KL94
D4A612
D4A612
D4A612
Q9LM66
P29143
P00781
Q2T9S3
Q8BZR9
B8BYH3
Q9D8V0
Q9SW18
Q64338
P28998
Q8MTI2
Q54Q69
Q6RHR6
Q9LF61
P74334
Q9HBH5
Q9M2U5
O82390
Q54WR5
Q9ZPJ8
Q6K9G1
Q3ZBE9
Q3ZBE9
Q54SW3
Q7ZVE6
Q7ZVE6
Q8RWM7
Q8MTI2
Q8MTI2
Q8MTI2
Q8MTI2
Q8MTI2
Q8MTI2
P98194
P0C1J5
P0C1J5
P0DKG8
Q924W6
Q9UNQ2
Q94C75
A8HVC4
E9Q5R7
Q7RTR2
P29315
P29315
Q53B87
Q53B87
Q9FLM8
Q9FLM8
Q942D6
B0SXC3
Q9MZS9
Q9ZRZ8
P0C0L7
Q9VE00
Q7UJ69
Q9FPS4
Q4LB35
Q9M0G7
Q9SHI2
Q940E8
P20790
Q03965
P19824
Q08587
Q54NC1
O74831
Q0WWQ1
Q9UQ07
Q7S9H0
Q9SR77
Q9CR64
B6IRR6
Q8IZN3
Q9LFT9
P20918
Q3BAI2
Q90703
Q6GQV7
Q2QQ96
F4JTP5
P50840
Q7XA78
Q01043
P74388
G0S8E7
O13853
Q8NBZ7
Q54P92
P0A9L5
Q9R6X4
Q7Z494
Q92620
Q2XWK0
Q8VY00
Q5R8D9
O80433
Q5PT53
Q8W4G3
Q3ZCH9
Q6GM65
P25043
P73177
P73177
Q8LPJ4
Q9USX9
Q9NSD9
Q08BW0
Q08BW0
Q9SZ67
Q9SZ67
Q9V3D6
C0LGP4
Q9C9N5
Q9D8K3
O60218
Q54NZ7
Q1KVT1
Q1KPV0
P42863
A2AUC9
Q8MTI2
Q8MTI2
Q9FWS9
A8KB34
P00439
P23787
Q41596
P56989
Q9SSJ8
Q8KG38
Q6Z5N4
Q9U5N0
Q9Z1Z1
P60924
Q9DCV6
B7FNU7
P54927
Q8RXF1
Q9SRQ3
P41179
Q54BF6
F4HYF3
Q6P9P8
O80763
O80763
Q05627
O59838
P73846
Q96LU5
Q8CRT9
Q8MTI2
Q8MTI2
Q8MTI2
Q8MTI2
Q8MTI2
Q8MTI2
Q8MTI2
Q8MTI2
Q8MTI2
P46428
Q4E4I4
Q9KA66
P74615
P74615
P74615
P74615
P74615
Q17QL9
Q8MTI2
P74615
Q9S1G2
Q60YN5
Q9M304
A8I8V7
Q9EQG6
O32227
B0G185
Q08DJ8
Q54MI6
P10775
Q9LU85
Q9LU85
Q12288
A7H3B9
Q1ZXF1
Q4WY33
Q92539
Q55CA5
Q9ZU96
Q9ZU96
Q9ZU96
Q96NW4
Q9SAR5
Q3KP44
O83845
Q9V3R6
Q9DB26
O05394
Q944L7
Q9A8H5
Q3MDL2
Q8JZV9
Q5BLE8
O96799
A0T0Q9
A7HDE0
A6LVG3
Q8MTI2
Q8MTI2
Q8MTI2
Q0WQ57
Q54M22
Q6CJK6
B8BVB6
B8GQ90
Q58321
Q86GV3
Q2KI23
Q7RTR2
P40345
P43785
P23919
Q9R0M8
Q54I36
Q9M0G7
P56008
Q9BXW9
Q84JZ8
Q17335
Q55CD9
O85713
O85713
Q11BC8
Q11BC8
Q9SK50
Q9W5E1
O14283
Q5XH07
Q5XH07
Q869Q0
Q892R1
A6QP15
Q9HE12
Q9KN00
Q68W69
Q9SRK7
Q54CX4
O46098
Q54BF6
Q54BF6
Q66XS7
P15651
P24784
Q07346
Q8VZJ1
P91856
F4I2H2
Q9LF61
Q01F03
Q6GQE1
O13672
Q5ZU30
Q58EM4
Q54HH8
Q9W6S5
P26872
Q61686
O00370
Q5QJJ0
Q2KFH6
Q9DBB8
P62295
P62284
P41768
P41768
Q0VFV7
Q0VFV7
P35251
P35251
P35251
O14730
Q00830
O74467
Q9U1H8
Q9XEA6
Q9XEA6
O93428
Q8VZS0
Q10215
F4J738
Q5R814
Q5QVL1
F4I6V0
Q08DJ8
Q8L540
Q9US41
O94966
P80235
Q9TXJ0
Q9SZ67
P02627
B7K5W1
Q10LJ2
P11959
Q08DK7
Q54SY2
Q54SY2
Q56X52
Q9SEZ6
Q9UNH5
Q9SH30
Q9KBI9
P58559
P58559
B8BQY5
Q9P7P0
Q55EY8
Q32LB0
Q5R6Y0
P49815
Q54Q69
Q54Q69
Q9USN7
P73627
Q9SZ67
Q9SZ67
Q9SZ67
Q8H1D9
Q9VXE0
Q9GK13
Q5UQF1
Q06527
P35559
O94673
Q9LT02
Q9KS67
Q54XX9
O94966
Q80Z70
B3RYG4
Q9Y4E8
P10978
Q13610
Q8YQC1
Q9C5X9
Q46PN1
O81770
P69834
Q9C5D0
Q7Z2H8
Q54BI3
Q9D081
P55142
F4JZG9
F4JZG9
Q9D0R2
Q11118
Q56Y42
Q9LZF6
Q5REW9
Q9FWR4
Q9NVU7
O94703
B8G663
O57683
O57683
Q5R478
Q91WU6
Q4UMS8
Q92UG5
Q86A21
P54703
Q9FNU2
Q49Y21
P49018
O22609
Q8MTI2
O97508
P0CD61
Q01518
Q9DD20
Q9SY14
P39907
B2III9
P53860
P32470
O74462
Q9SIF2
Q93WX6
Q93WX6
Q8RZ40
Q9DAM1
Q9LHN9
Q0P4U8
Q5W269
Q6DHK8
Q9M1R2
P53569
Q9M0Z3
Q54SK5
O82796
O65282
P0CP54
Q9ET47
P16157
Q9J4Z5
Q9W4M9
Q26998
Q26998
Q67W65
Q67W65
P00516
Q03042
Q86GV3
Q8H191
Q54Q69
Q8NXX6
Q86A17
Q3UMC0
Q66HG8
Q0BUV2
P08F94
P08F94
Q9SZ67
Q9SZ67
Q9SZ67
Q9SZ67
Q9SZ67
Q9SZ67
Q76PD2
Q9XU75
Q9XU75
Q9SZ67
O19072
Q9SZ67
Q9ASR4
Q9LRN6
Q8IZH2
Q10QS7
Q10QS7
Q28GV1
P50086
Q7SCY7
Q7SCY7
Q9SNQ2
Q9SNQ2
Q9SNQ2
Q08E13
O75643
Q28FF3
O34849
Q5ZU30
Q8GZ63
O14283
C0LGQ5
Q9SCT4
O48671
O48671
Q43116
Q9ZPJ8
Q5R831
Q5XIJ5
P26848
P22717
P10961
P48898
Q9SAA9
Q09717
Q8NBZ7
P20231
O14283
P49530
P25323
Q96V64
P0CY30
Q9SYD6
Q5M7K4
Q01890
P49536
Q6PH61
Q28WG2
A0T0W2
Q873E8
P48260
Q3MH14
P0AG10
Q84MN7
O65731
Q9US35
Q9LKW9
Q29N38
Q7G8Y3
O96798
Q62384
Q7U3W6
O60235
Q2UVJ5
Q6F388
Q38953
O96552
O34593
P06197
A8GCZ9
O17732
Q54GW3
Q94392
Q94392
Q9ZVI9
Q7Y0F2
P0AC59
O81742
Q93YR3
Q09803
O22647
B7JZS9
Q01890
Q05974
Q9D9I4
P42521
P42521
P33336
Q9Y8H5
Q6LDD9
Q6WIT9
Q5ZIM5
P0AA21
Q9QZH2
Q9M0G7
Q9SZ67
Q4VXU2
O43570
P21137
Q5L289
P40525
Q57629
Q8MTI2
Q9SZ67
Q54RJ6
Q54Q69
P41128
Q9LK39
Q2QDF6
Q6UXP7
Q9M2E2
Q9M2E2
Q9EPE9
Q9EPE9
Q6EPQ3
Q54KS4
Q9FVQ4
Q28HE9
Q9XU75
O78497
Q10MJ1
Q91WU5
Q680B9
Q8R7C8
P36018
Q8H0V6
A0CDD4
Q9LTV6
Q9LTV6
Q9LTV6
O15527
Q8R151
P08299
Q9LXD1
Q8T689
Q54PW5
Q2KHP8
Q9BVS4
P19217
P0C1I6
O04035
Q4J8X2
Q9H7B4
Q3J4E3
Q3MIR4
Q3MIR4
Q8GUN2
O88738
A2BGR3
Q9SL02
O14283
Q9HC29
Q53B87
Q6PCF9
Q67XQ0
Q9UET6
Q9S220
Q8VEG4
P25323
B2RJG1
O21241
Q9Z0V8
Q9Z0V8
P0AG05
Q40406
Q8W471
A2ACG1
P92520
Q54LT8
Q84L08
P51588
P51588
Q8ZPI0
P9WMY5
O14327
P25297
Q8MTI2
Q54N49
Q9P975
Q07994
P47199
Q9W590
Q91W36
P56660
Q95KA5
O43049
Q54DW2
Q8RZV7
O14134
Q9D832
Q556Y9
Q556Y9
O35737
O66534
Q6CY84
Q5UQ63
Q8U192
Q6GIX1
O94537
Q8WVB6
Q84M92
Q9LYA9
Q680I5
Q680I5
Q5VST6
Q05143
Q9SYG9
Q9SYG9
Q9SYG9
Q9WUU7
P49053
P49053
B8CAZ5
Q5R4G2
P72854
O14746
P0CQ44
Q2J322
P45122
P15395
Q9M1I1
P41189
A7A018
P25296
P25296
P26683
B8J992
Q9C8L2
Q58549
Q54JD9
Q8RXE7
Q66GV0
Q9RPT1
Q9SZ67
Q9FNL7
Q91ZT7
Q8LDP4
Q8LDP4
Q54Q69
Q9SZ67
Q2IKJ8
Q0WQF7
Q9Y1W0
Q55C16
P93184
O15976
A8JUV0
Q90703
Q90703
P29473
Q39709
Q8ICR0
Q8BQM8
O00423
Q499U8
Q499U8
Q9C9H7
Q9FIZ3
C0LGJ1
C0LGQ5
C0LGQ5
Q9FL28
F4J7S8
Q9NXH9
Q9NXH9
Q54Q69
Q9SBB2
Q0WKV8
Q39054
Q9I8E6
Q39575
Q8W4I9
F4JAU3
Q9Y7L0
Q9Y7L0
P53933
Q54Q69
Q54Q69
Q54Q69
Q54Q69
Q8WZ42
P46871
Q54YG8
Q54YG8
P10955
F4ILR7
Q42404
Q9USU3
Q6PC19
Q9S702
A6ZM04
P05205
P05205
O75884
Q10D80
P73456
Q9FIZ3
Q2QPW1
Q42395
Q8CFC1
Q6GII3
Q2JII9
Q6C7S6
Q5BJJ7
Q0VCA5
P9WJX1
Q8VWJ1
Q9FKE7
Q4WYS7
Q7N3M0
Q7N3M0
Q9WUP7
Q10SM2
Q9WTP7
Q9WTP7
Q9SZ67
Q55F42
P36428
Q7ZVK3
Q7ZVK3
Q8TEX9
Q503Y4
Q503Y4
Q04960
C7YQ31
D4AIS9
Q3EBR6
Q8GYL3
Q9FNU2
Q9XSI2
F4KAB8
Q8MTI2
Q8MTI2
Q8MTI2
Q8MTI2
Q8MTI2
Q8MTI2
Q8MTI2
Q8MTI2
Q8MTI2
Q8MTI2
Q8MTI2
Q8MTI2
Q7ZWS1
Q9WUU7
Q9URS1
C0LGX3
Q42371
Q9ZUI0
C0LGS2
C0LGQ5
O49545
C0LGW6
Q9LY03
Q9ZVR7
P62283
O07834
Q5ZJN2
Q5ZJN2
Q3EDF8
Q8LKS5
P0CT30
Q10ED2
B1KQX8
F4K5J1
P52487
Q9HDU9
P51784
P51784
Q6H601
Q9NTG7
Q7PC88
F4ISQ7
P53273
P53273
P49841
P25323
P54150
P54150
F1N2W9
Q9I2V5
Q54XK2
Q5ZBH5
P62580
Q08587
Q9MAH3
O83142
Q9H6R3
P38530
Q9FQA3
Q9QXA5
Q58455
P30189
Q6RVV4
O94966
Q2GSX8
Q2UK72
P0C1H7
A8MS68
Q9SGP2
P13804
Q6K8J4
Q54NE6
O54692
Q58DD9
Q9FR44
Q27YU0
Q6CLR3
Q8CBH5
O23365
Q9LXC9
Q68CJ6
Q68CJ6
Q4PEQ5
Q6AUV1
Q9US35
Q9US35
P54276
Q6Z8C8
Q94KI8
Q94KI8
Q9SGP2
C0LGS2
Q9C9N5
Q9FL28
Q9ZVR7
Q9FL28
Q42371
Q8VYW1
Q54Q69
Q9ZR03
Q3UIR3
A9CJC9
P13670
P13670
Q54468
Q58623
Q54Q69
Q54Q69
Q9ZQ81
Q9STH1
Q5DU02
Q6GNI6
Q54Q69
Q8LAD0
Q8LAD0
Q8LAD0
A8JUV0
A8JUV0
P10978
Q00416
Q3Y416
Q8LGF7
Q5AHA0
Q8LSQ2
Q5Z6X0
Q9FL28
Q9M2Z1
Q9M2Z1
O49545
Q9M2Z1
O00835
O05519
Q15427
Q54Q69
Q9C0C7
Q9ZSA4
Q8GUL2
P0C224
P0C224
P0C224
Q8W032
Q8W032
Q8W032
Q8W032
Q39565
Q6R567
P50192
Q55680
Q54Q69
Q54Q69
Q5F3G7
Q18515
Q5F3G7
Q18515
Q5F3G7
Q9US46
E9PZJ8
Q9USY1
Q10332
P29117
P59470
O49668
Q14123
Q14123
Q6PF93
Q6PF93
P47977
Q2JXC9
Q93ZS9
Q9ZU97
Q6A098
Q32P73
Q0JCU7
B3EX61
Q9UBF8
Q14191
Q98SJ2
Q98SJ2
B0K172
B0K172
Q27488
Q9SZ67
P04166
O22558
Q8MTI2
Q8BGA9
Q0R4F1
Q09833
P38758
Q9QXN3
O94673
O42909
Q8K0V4
Q55E45
Q54RJ1
Q8BP78
Q54XX9
O04226
O04226
Q9ZU96
Q96NW4
Q9BQI6
P40862
O75899
P0CP52
Q6PI47
Q96CX2
Q9URW6
P55034
P9WIQ1
Q6CMG6
A7Z4J3
Q9ZMG1
Q8N6T3
P83748
Q9SZ67
Q8RY89
Q9LZ76
A0T0Q9
Q6DHU4
P43708
Q9Z1N4
Q02DS7
Q7VG06
Q6Z829
Q8T1D4
Q54UQ2
P62975
Q9Z172
Q6DI05
C0LGX1
Q00614
Q9SRH6
Q5VQL3
Q94AC1
Q53B88
Q9FFZ1
Q9WYG0
Q9LRZ4
P36101
P32331
Q6NWZ9
Q61035
P46875
O13395
O13395
O22212
Q9V6B9
Q83WF2
Q9FPH3
Q0WUU6
Q1KZG0
Q1KZG0
P30795
O49318
P55189
P07928
Q5JJ64
Q3USY0
Q5E9S8
Q01320
Q53B88
Q28811
Q8MTI2
P28644
A5ILG0
Q8MTI2
Q54F07
Q9BSJ2
A9EYY7
Q2VIQ3
Q8WUK0
Q2KJD3
P98200
Q8R164
F4JNU8
P41768
P41817
A1L1P9
P54567
Q9USK7
Q0WQF4
Q42290
P38023
Q56YP2
Q75EG5
Q98E66
O22025
Q9SRH6
Q8MJJ7
Q9ZSA2
Q9ZSA2
Q9ZSA2
Q9NRG4
Q23868
Q9DE27
P38049
Q8XZZ5
Q9FZH5
Q924V1
Q70LM4
Q22918
Q0JFN7
B4R8P2
O05218
Q08E40
Q5I020
Q10082
Q7SZ78
Q54VV7
Q8L840
Q8CFK2
Q5AMG5
B5DE69
Q7MMZ1
Q8L831
Q6NUA1
F4I6V0
Q9Z1M7
P29931
A4K2Q6
A4K2Q6
Q09927
Q9U6A0
P30156
P30156
Q0EEE2
Q6PFM1
P9WQ35
P47044
Q66IC8
Q1DN93
Q54U63
Q9VE61
O13842
Q54IP4
Q8WYR4
A7SMW7
Q28689
Q6CC79
P06872
Q8TD22
B3DH20
O95639
P45798
Q28262
Q28262
A5UST8
P39847
P42745
Q655R6
Q2KHZ9
Q2KHZ9
P46419
Q54DU9
A8E4L1
Q9M643
P53370
Q69XJ4
Q4VC12
F1QN74
Q8H5F8
Q54FE6
Q8L518
Q8K1A0
Q84WV9
Q84WV9
Q969G6
Q86B05
Q9JZR3
Q5R4J9
E2JA31
Q54YG5
P61688
P73577
P73577
Q58556
Q8GYX8
P38625
Q6K9N6
Q42540
Q9ZS62
A2XFW2
P42497
A2XFW2
P34117
P34117
Q3TFK5
Q9CY21
Q8BHB0
Q9SK39
Q9SK39
Q94BU1
P45798
Q9SZ67
O94966
P54243
Q9C5M0
Q9SZL6
O75398
Q1LWV7
Q2W2I8
Q9IBG0
Q60182
A9NUH8
Q6P963
Q9CPW7
Q9BXS5
O94606
P44697
P24386
Q2UN81
P20533
O34309
Q28620
Q8N8Q3
P16423
Q58375
A5PKH3
Q10980
Q28113
Q54BF6
Q54BF6
Q9SH30
Q9SH30
Q9SH30
P17044
Q63472
Q93YS4
P42347
Q08CI4
Q99MN1
Q99MN1
Q9CZI9
P71016
O27442
P55189
O81077
P38530
P38530
Q17770
Q795R8
Q9CWS0
Q559Z4
Q54K95
A8NZM5
Q6G0F8
F1N9S8
Q9CV28
Q5R6X7
P45973
Q9SIE1
Q9NPF5
Q9NPF5
P37838
O74400
A4WHN0
Q5DU56
Q9SF37
Q6IP59
Q9WV87
P04146
Q9SR06
B8GM40
Q7XQZ6
Q52KW8
P53610
Q09764
Q9I163
Q98166
Q9FKP1
Q8MTI2
Q9P7W2
Q9SZ67
Q02212
Q550Q4
Q62559
Q93YR2
Q6B9X6
Q6B9X6
Q9QZH3
Q8EQN3
Q47HL4
Q18B27
Q8L783
B9SLR1
Q3V384
A4WFX9
Q28CH8
Q55909
Q0JL73
A7RK30
A7RK30
Q7U4I3
P16157
Q4UMH6
P16157
Q6H6Q7
P33303
B1LAP4
Q4U2R1
P41154
Q32KH0
Q54B65
Q54B65
P20533
O77821
Q2WBG9
P52986
O94659
Q9Z2D7
Q39709
Q3M8N9
Q8AYG3
Q8VZ48
B3MJV8
Q9D8H7
Q9D8H7
Q5TKD8
P59382
Q6AXY7
Q6AXY7
Q28CV2
O46629
O95714
Q13574
A6QLU1
Q9SBJ1
P42328
E2JA31
Q54MH0
Q9SGT2
Q4U2R1
C0LGQ5
C0LGQ5
C0LGG8
C0LGQ5
Q8VZG8
Q9FIZ3
C0LGQ5
C0LGG8
O94683
Q5SSZ5
O49318
P12623
Q9ZU96
P49537
Q4KLY4
P46575
P21398
Q5RJF7
R1F493
Q9ST27
B5DE69
Q8MTI2
Q8MTI2
Q55B06
Q95QD7
Q50228
Q32PX9
Q9SMI2
O04059
Q9NQL2
P54453
Q8VE65
Q9M115
Q9MB58
Q63797
Q6AUG0
Q6AUG0
Q03400
Q9FF66
A7SKE9
Q6VBB2
Q6VBB2
O74888
A1JJ50
O80832
Q8BLA8
Q54Y55
Q5VUE5
Q5UP57
O17732
Q8YX96
P49530
Q10P01
B0BYW4
Q7Y0F2
P36993
P72749
Q7RTR2
Q9LVP0
P55169
Q5DU56
Q944B6
P21665
Q6NRT3
Q9URB4
Q9Y2D2
Q84XV2
Q16K15
Q16K15
Q55512
Q19775
A0A0H2VDN9
O94290
C0LGR3
Q9FIY7
Q86WU2
P40937
Q6X5Y6
P56376
Q9AJU2
Q7SDU2
Q94AA4
Q9FIJ6
Q9FN03
Q9USI5
Q9LKW9
O94966
Q4VC12
Q4VC12
B9L7J8
Q9R0L1
Q9R0L1
P07497
P48480
Q9SJF3
Q9VR81
Q8MTI2
P50254
Q7WLE5
Q8BTU1
O05389
Q9BYM8
Q90YR8
Q8MTI2
Q61712
B8C6S5
C4K111
Q9FJR0
P46460
Q9PV94
Q9PV94
O42993
O42993
Q9LVN1
Q7S8W7
P73960
B1XL79
B1M860
Q672J9
Q1LVE8
Q8BSY0
O13765
Q68WT3
Q54C92
P71089
O13941
P37278
Q6CX91
Q0VA82
P10978
Q54LV0
Q5HZL9
F1QN74
Q8W4D0
Q9SW11
Q4JIJ3
Q9SZ67
O75582
Q6ZKV8
Q6P829
Q6P829
F4JP48
P70191
P70191
Q9VQG4
Q54FE6
P53969
Q8BNI4
Q8BNI4
Q17QZ4
P73735
P28523
Q8LSN3
P59723
B4UN04
F4KGY6
Q9M1X5
P11179
Q9SFB8
Q8RY89
Q8RY89
Q9M1K2
O48709
Q8RY89
Q8RY89
Q9M1K2
Q8RY89
P0C605
Q769K2
P54527
Q9FPH3
Q18434
P28052
Q2KII6
Q9P6P3
Q18515
Q54GB2
Q54GB2
Q6P3R2
Q6P3R2
Q6P3R2
Q6P3R2
Q949Y5
Q02K94
Q9Y4D2
O14369
Q32NB8
P35036
Q0QLE4
P10775
Q7RTR2
P10775
Q9LVZ7
Q9JMF7
P48809
Q12VF3
Q12VF3
P15700
P15700
O15050
Q10361
P60924
P77234
A0A0H2VDN9
Q9LM25
Q8H124
Q53P98
F1QN74
Q5FWU8
O14283
O14283
O14283
O14283
Q59WH0
Q54F44
Q96PH1
Q54F44
Q9XYS3
Q9P2K8
O45947
B0T167
Q8ICR0
A1RU43
A1RU43
Q99MY8
Q9M0Z3
P34409
Q9BRS2
A1S3J7
O27296
B4GKQ3
Q39160
P0C8L4
Q8C2E7
Q9SUI2
Q9EPQ0
P05934
P05934
Q8GYL3
E7F0Z8
P0CN28
Q2KIY1
D4AJR9
Q55A09
Q8LCY2
Q2TBG7
Q9M0Y8
Q9M0Y8
P08058
Q19584
Q9WX37
Q9SU56
P35049
P80646
P00765
Q8R2E9
Q7G8Y3
Q9LMR3
Q9SEI4
Q01976
O13395
P20054
Q9TT91
Q9LJX4
Q54ED2
Q54ED2
Q54ED2
Q940G0
Q7SXS2
Q92540
Q7ZV90
Q42972
Q5RKJ2
Q5RKJ2
P0CP98
P72926
A1JJ50
Q70WY6
Q7XYZ0
Q7XYZ0
B5FE06
Q8H184
Q9FLQ7
P44098
Q9M2S6
Q8MTI2
Q8MTI2
Q8MTI2
Q9HBH5
Q3A2U5
Q9LP24
Q8L716
Q9ZR39
P52875
P74615
Q8NSN2
Q2VJ60
Q4X084
P43785
Q9SIY5
P62293
P10978
P10978
Q924D0
O14121
Q02241
Q9C5J3
Q09422
Q502L2
Q6BMM5
Q9Y2G9
Q556J8
Q556J8
Q7D745
O74855
Q503J2
Q8YXE4
Q02075
P56193
Q9SFB8
Q39757
Q39757
Q9S7U5
A0CCD2
Q9LQ04
A0T0R6
Q5GIG6
P27521
P50578
Q54DS4
Q9ZTS1
Q0U3Y6
P94400
O88871
Q9S7U0
Q54C64
A8XGH1
P16273
Q9HBH5
P38920
Q9SRE0
Q3KP44
Q9GZV1
Q3UMR0
Q3UMR0
Q3KP44
Q9ZU96
Q9ZU96
P73627
Q835H3
Q7ZZ03
P63159
O34718
P0AEP1
P25362
Q93VD3
O59729
Q8NFV4
Q9Y2Y1
Q539E5
Q9CA58
Q5ZK62
Q5ZK62
Q99246
P19468
Q2QPW1
Q12894
Q4IBK5
P26489
Q557E4
A9KS30
Q6PEC4
O96805
P32331
Q9DB16
Q55CD9
P72872
Q8ZPI0
P42620
Q9ZS62
Q9VR91
Q49AN0
Q9M1B4
Q1JQC1
Q3U129
P27643
Q29RM3
Q7XMK8
Q9S7D1
A2BIX4
Q4VC12
Q55905
Q62383
Q8ES27
P60924
Q9DCV6
A7MB63
Q40593
Q8FXM5
Q8L7A9
Q86K94
Q539E5
Q653T6
Q93XX5
Q93XX5
Q4R6D9
Q42395
Q54Q69
Q9XGX8
Q56YN8
P49534
O23247
Q3SZX8
Q50KB1
Q9A239
Q13231
Q11KJ6
Q1HGE8
A6QLU8
Q54Q69
P49833
P10978
Q7Z5A4
Q43088
O64816
P24507
Q8MTI2
B3EHS7
Q5RFH5
Q9SFH9
P25696
Q5R4W3
Q561Y0
B7ZUF3
Q09668
F4JKK0
O13351
P55574
P29787
Q3BAI2
Q9SZ67
Q32KJ9
O22558
Q8RWL6
Q6STH5
Q7M3S9
Q80YA3
Q9ZPR0
Q9SN38
Q9P7V5
Q9VH19
Q08924
Q17424
Q9UYB2
Q9Y5B0
G3X9K3
Q28644
Q2LAE1
Q658P3
Q8GSD9
Q94DB8
Q8GSD9
Q9SQI8
Q3SX07
Q7TPQ3
Q54BW6
O34693
Q7Z401
Q0CSL7
Q5XG71
G0S488
Q8W4K3
Q54LB8
P73177
Q8K3Z0
Q7RTR2
Q7RTR2
Q5DU56
Q5DU56
Q7RTR2
Q5DU56
Q1L994
Q9P4X3
F4I460
Q9Y2L5
F4IRU3
Q7UWI5
Q4V8U5
Q9LH74
Q0CIV4
Q9C9J0
Q8RWL6
Q9M4A1
Q0QFQ1
Q6P1E7
Q1LWH4
Q9P7Q4
Q9M1I1
Q9M1I1
Q9SZ67
E9Q5R7
Q53B87
Q53B88
Q53B88
G5ECR8
O57429
O22797
Q9LX20
Q9LM25
Q29LT4
Q29LT4
Q9JIX0
Q8MTI2
Q8MTI2
Q8MTI2
Q8MTI2
Q8MTI2
Q8MTI2
P70531
P42527
P41889
Q10QH1
Q9ZPY2
Q6ICH7
Q39709
Q7N3M0
Q9ZPV5
Q0IXP9
Q7ZW16
Q27963
P10356
B4XY98
P54904
P74572
Q5XEP2
O23877
P30182
O60058
A9NK39
O04350
Q5T1Q4
Q9C5M0
Q52JK6
P13681
Q754J2
Q8I4T1
P56859
Q9FMP4
Q43362
Q91Z38
Q6PE01
O51081
Q6NPM8
K7Z9Q9
Q6BNU7
P14605
Q13V90
P0AEQ1
Q9VSA4
Q54QU5
Q9BY49
Q9AW48
Q12797
O13046
P92935
P87149
Q6NVR9
Q21920
O13440
P32437
P17276
Q8ICR0
Q5TKD8
Q9DE26
P43903
Q17CE7
Q6C703
P0AG15
Q9M354
O14249
B8CXL0
Q54E53
P29037
Q6C0I0
Q9Y619
Q9D7J9
O15818
Q10UW6
F4JCU3
Q8LCT3
Q8LCT3
Q3UK10
Q9LP77
Q9LP77
Q8VZG8
Q9Y871
Q96I24
Q6PE25
Q9SZ67
Q9QXE5
P97536
P0DI13
Q6IE70
O66790
Q6STH5
Q54MZ4
Q54ID0
Q11VN1
Q84TG1
C0LGF5
Q5BLX8
Q9M8S6
Q9Y140
Q5XGA9
P35055
Q47944
O95628
P23324
Q9UTG1
O74545
Q9M622
A0T0W7
P49118
Q8CWM6
Q9Z9J0
Q9LP24
B6JJN9
Q9LEM9
Q9HGM9
Q2V419
C0LGV1
Q8K339
Q9CR62
Q5E9Y0
P40882
Q01578
Q54I71
Q54DH7
Q8MTI2
P47075
Q9ASU1
Q71H73
Q9Y2E8
Q9Y2E8
P86234
Q5N7A7
Q5I047
B5VKE8
O94966
P0A0E4
Q9ZW86
Q5NBP9
P87154
Q80Z70
P41759
Q54V96
Q6CU99
O19998
Q8MTI2
Q6VE94
Q6VE94
Q9ESM7
P29787
Q08759
Q8BGV9
Q13237
P72583
P26849
O35242
Q9FX97
Q6PF18
Q8BYM8
Q57990
F4JNY0
O95801
Q8NK13
Q80UU1
F4I460
A9FFI1
Q9SZ67
Q8MTI2
Q9XUC4
Q5ZIA0
Q32PE0
Q3U3R4
Q58709
P08096
Q0DHC4
P38545
Q9XEA8
Q6BMY0
O82491
P30419
O80507
O80507
Q08587
Q9LU21
Q5N0T6
Q49WB0
Q9SJ44
A2R9P4
O01704
O14735
P55143
Q43469
B0K172
Q57837
Q08DJ8
P25011
O18883
Q9BY78
P39000
A0A0H2VDN9
B1WBB4
Q4IQX3
Q9H867
Q9FL28
Q9FIC3
Q02256
Q02256
Q05741
Q05741
Q54U63
Q9Y5N5
O70511
Q9UTQ5
F4JAU3
F4JAU3
Q44493
Q86WI1
P10862
Q9H999
Q182E7
Q9ZVI9
Q9LSL9
Q9P3U1
Q92J08
Q92J08
Q9FVR6
P37758
A2XAZ3
Q86BS6
Q9Y6W3
Q9FJH6
Q4PBY6
Q4ING3
Q4ING3
O22145
Q08CS6
Q8T1C6
P22978
Q84JH7
A4XK62
Q9T042
B3R7B8
Q5W915
Q53WJ1
O35379
Q80Z70
P39142
Q8R2N2
Q00416
Q9SI54
Q8WVL7
Q24169
Q9QZS6
Q9TXJ0
A7THY5
Q9SZ67
Q03649
Q39493
Q9ERK0
Q7S2N9
Q5R952
Q9LVM1
Q9J4Z5
Q9ET47
Q9J4Z5
Q10311
Q54HW1
P24864
Q09907
P54677
Q9LJU7
P46228
Q35522
O21270
P48875
Q8S4F6
Q9UDX5
Q9S7R4
O67577
P45951
P45951
Q8K2U2
Q9ZTS1
Q4I2D7
Q94AH8
Q43794
Q9UBH6
Q94K71
Q8GUM5
Q5DZ63
A4JPG9
Q5R573
Q6ZLC4
Q5M9G0
Q2RBR1
Q5VQL3
Q9VVI3
Q9SA96
Q16932
P42328
Q04634
Q9V233
Q53NI2
P34944
Q9XEE8
Q9XFH4
Q39019
Q9ZS88
Q5I047
Q8YSU5
Q9LJ87
Q9UTI3
P08299
Q99PK0
Q9SBJ1
Q5BJJ6
Q2UKE6
Q3KNK3
Q5FPZ4
P49657
Q9Z188
Q76NV1
Q1JQE0
P55577
P45766
P63578
Q5Z9I2
A6QLT2
Q9P775
Q3TIX9
Q53GS9
Q5UQW4
Q5PQM2
C7GLB5
Q55E69
Q2G0L4
Q9FKP5
Q9FKP5
Q94K05
C0LGU1
P40369
Q5R9S8
Q54T48
O13326
O14063
O14063
O14063
Q8LFL8
P16543
Q5BGA7
Q539E5
O82261
P49200
P01008
A0T0Q9
P62752
Q28IG8
Q93FG6
Q9SL67
Q54II8
P53033
Q9LU46
P79733
Q9FYC2
Q24XU1
A0T0R0
A8JUV0
O17040
Q9ZU96
Q9ZU96
Q55ED4
O18956
Q9LZ98
O74955
O74955
P00388
P38861
P39907
G5EGA5
Q91ZN5
P18773
Q8W4K1
P23279
P23279
P15496
Q9SZ67
Q6AX45
Q9SZ67
Q6AX45
Q8VZC9
Q9LE82
Q8IZ02
Q9FGF0
P11976
Q9SIS4
O94673
O94673
Q5MB13
P10090
Q2NL08
Q6GLK6
Q9BZJ0
Q6ICH7
P0CI65
P07213
Q8MTI2
Q8MTI2
Q8MTI2
Q8MTI2
Q8MTI2
Q8MTI2
Q13336
Q9LRA7
Q91785
Q9WUU7
Q6E804
P29315
Q9FKW0
Q539E5
Q9FIV6
Q9FIV6
Q3C1A6
P29054
Q91WT9
Q8BZ25
Q8MXQ3
O80695
Q317Y6
P72926
Q8YSU5
P72926
Q8YSU5
Q9VFS5
Q21FY4
Q29397
P60924
P51567
P46575
Q94ID7
Q6Y290
Q86WC6
P82861
P82861
P82861
P82861
P82861
Q9US47
Q4KML2
Q84T61
Q84JD5
Q84JD5
Q8K2H6
Q55C80
Q9H0K6
O07834
A1XD95
Q6PAX2
Q6PAX2
Q6NMR9
Q6NMR9
P74334
O13739
Q6C8H7
Q6C8H7
Q9R6X3
Q9P7X8
Q05B18
Q9STS3
Q69ZQ2
Q6AXQ5
Q6C7F7
Q08AY6
Q12955
Q6Z437
Q9CLI9
Q99816
P15735
Q8CR47
P55142
Q552Y8
Q61214
Q9Z188
P49657
Q9P7P8
Q9P7P8
Q8K4Q0
Q9EQH7
P53703
P39907
P07053
P97789
Q54RA4
Q54RA4
P58338
O93257
Q9M2D2
Q9M2D2
B5YAR3
A8EXN1
A8GQZ0
Q99VF6
Q4L4T4
Q99VF6
Q99VF6
Q9FMA3
Q9BWV7
Q3UJD6
P21576
P0CM96
P0AA30
P0AA30
P38420
Q99L45
Q9CXT6
Q8IZ02
Q8IZ02
A6H639
A6H639
Q9P1Q0
Q86L04
Q54S83
O18757
Q9LHP4
Q9LHP4
Q8HZP9
Q9QXY9
Q54QX3
Q564K3
Q866F4
Q9M2F8
B4PUD1
Q8KG38
B7K5H5
O14248
Q25390
P30725
P06149
Q6AZT7
Q54KD4
A8HAL1
P05122
Q9LR78
Q9LR78
P42730
Q8ZD80
Q9V2G1
O51264
Q5KR61
Q5KR61
Q47RL8
Q47RL8
Q47RL8
P0AD61
Q5FPX3
O80505
P38795
Q96DI7
Q2T9V5
P25848
O22558
Q8MTI2
Q9VWP4
Q5RD88
Q8W3D9
P63301
P72749
Q9R1K5
O94285
Q9SZ67
Q9SZ67
O43447
Q6L5F5
Q54IP4
Q54G43
O94256
Q9Y6D9
Q7K556
Q5IFN2
P72991
Q5FWU8
Q8MTI2
Q9H0R3
Q9H0R3
O75131
O75131
Q9P3U1
Q758S3
Q5ZIW5
A2AWA9
Q8S3C0
Q7QCB6
Q86IZ9
Q9SZ67
Q7XW27
P91427
P91427
Q9SZ67
Q9FN03
F4ILF8
P62313
Q0P5L0
Q7S1P9
Q8ZI40
P08159
A6H757
Q54Q69
Q5R4Q7
A0M3Z2
P0C5Y8
Q93VB5
Q5RBP4
Q9SZ67
Q5JK68
P62556
A3LQC5
Q39017
P10733
Q67XG0
Q37601
Q5BLE8
Q3UHF3
Q9P215
Q9SZ15
Q6CC79
Q9P1Y6
Q8W4J3
Q54Q69
P77307
Q02253
Q02253
Q55D90
O65154
Q9L1U6
A9LIW2
Q9FWY7
Q3BAI2
Q3BAI2
P35036
Q5UPG5
P73157
Q9MA15
Q9C5V6
Q07473
P46313
A7PZL3
A7PZL3
A7PZL3
Q10KF0
Q99KG3
O07005
P46541
Q90YT0
Q9WTR7
O55091
Q41094
P44769
Q5RIX9
Q9LHH7
O74482
Q5UQK2
Q8RB30
Q58G59
Q9VW26
Q6RVV4
P31009
Q9QYF1
P0C7Q8
Q8MTI2
Q42396
Q9SZ67
Q9SZ67
C1N138
Q9EQS3
F4KE63
Q7X9V2
Q96PN6
Q9U7D0
Q8GDY3
Q9C7F5
Q9SHI2
Q0WQX7
P55266
Q863B3
Q9LM25
Q6M9M7
Q3EBM5
Q4PEQ5
P40046
Q5XIP1
B3NCH1
Q9LF41
Q72FH6
Q6GPW2
Q54Q69
Q54Q69
Q9FHN8
P10566
Q5RF73
P19799
P56273
P47796
Q2KIG2
Q8BUV8
Q5QJE6
B3EX61
P10978
Q9LVP0
Q11S94
Q55F21
P01053
B8AEH3
Q9LT17
Q9FGR9
Q54I71
Q05022
Q9I0Q0
A8WQQ5
Q2K4E6
P64918
P64918
A7ME44
Q9SIK7
Q6Z829
O49523
O49523
Q8RWE5
Q9HGM5
O14357
Q9QYT7
Q6DCP6
P53297
P38529
A8D7K2
Q6J4K2
P29786
P29786
P32331
P00516
Q84LK0
Q6PQQ4
Q9VE50
Q9C1X5
Q9C1X5
Q9NRK6
O75694
A4XXP6
A1T726
Q9NB71
P0C7J1
Q9LLY4
Q5N1P6
Q1LM62
Q5UR04
Q3AEV6
Q8GUQ5
Q8GUQ5
P12617
Q9SL76
O74431
Q5ZJR8
P39940
F4JY12
Q8T1C6
Q9N0Y2
Q1KZG0
Q923T9
O60741
Q9CK02
Q9CK02
Q8W4G3
Q8W4G3
Q8W4G3
P54822
Q6NL24
Q5U2M6
Q7T330
P49206
Q9SZ67
Q8MTI2
C3VPR6
Q5LL69
P44836
Q50KB1
P10775
P27012
Q6GPQ3
Q8T1C6
Q67XX3
P0AFV2
Q9SLG0
Q0U3Y6
P62334
P23965
Q9LZG0
Q9ZGE2
Q5NVS8
Q27746
P16067
P44429
Q01292
P77968
Q6AXR5
Q32MW3
Q9SK39
P39588
P0CS66
Q03965
Q39709
Q9D483
Q39575
Q0VFE7
O04619
O13395
Q5C9L6
Q6GLE1
Q8T1C6
O52177
Q8VZG8
Q9SU79
Q5R8J8
Q5R8J8
Q9H270
Q5JJC6
Q05B63
B3LF48
A4PBL4
Q4V8D9
Q4V8D9
Q9FK29
B7FSL4
Q8BG79
O60447
Q0DVX2
Q5I0K5
Q74EU2
Q74EU2
Q9WYG0
O06489
O06489
Q08CS6
Q08CS6
Q5NVK7
Q5H1F4
Q42371
Q42371
A8KBL5
P54739
Q5TKD8
P31079
O26719
O64530
Q4HX89
Q4HX89
Q4HX89
A1L1P9
Q8LQJ8
P62343
Q76C99
F4KDA5
Q6ZD95
P09398
P00781
Q9ZBH5
Q8MTI2
Q2VEX9
Q8RWS8
Q981V0
O96552
P50192
V5YMB3
P22437
P22437
P38287
Q5E954
Q6AY17
O34812
Q8W496
Q08426
P51691
Q93KD4
Q54Q69
Q54Q69
Q942D6
Q942D6
P41154
Q9LPC7
Q8T882
P30260
A5D6R3
Q05609
Q9XI60
Q9XI60
P28723
Q9SPK5
Q8L7B5
P77993
Q9LN20
C5P230
C0LGS2
C0LGQ5
Q8GWU0
Q94JX9
Q7PC88
Q7PC88
Q54NZ8
Q06850
Q9H5Z1
Q91YN5
Q54Q69
Q54Q69
Q54Q69
Q54Q69
Q9LKB9
Q5R581
Q8GRL7
Q8GRL7
Q80TM9
Q99148
Q99148
Q39238
P20533
P20533
P20533
Q8SRH6
Q1EHT7
Q1EHT7
Q8BL03
Q6BSE2
Q9ZU35
A7S7F2
Q9STG6
Q94IN5
Q968X7
O35900
P92948
Q10075
Q10075
Q5ZJ85
O81097
Q8W489
P21845
P52551
P52551
Q294B9
Q9C5W6
P46825
Q9NWF9
E9ERT9
Q01490
Q55720
P27118
Q54X15
Q7PC88
Q7PC88
Q9FLM3
Q94C49
O15050
A7TPY4
Q54JH6
Q9ESG9
Q9XT62
Q54Q69
O55173
Q9XF67
O55173
Q7S5R1
Q54Q69
Q99MB4
Q0VAA2
Q8BHB0
Q8BHB0
Q8BHB0
Q9ZKB5
Q9NYU1
Q99M76
Q6LL68
Q6LL68
Q19546
A1U7G1
P10955
Q9FWQ5
F4J3G5
P08159
Q2KIY1
P0DKH0
Q8L7C8
Q5RIX9
O48661
D2TUZ4
Q9SKX5
Q9SKX5
Q9SKX5
Q9SKX5
Q9KG32
Q6P1R4
Q9M1K2
Q9PTP1
Q9CAI1
O05519
B6ISW8
A0T0N6
P29138
P49833
Q54RV9
Q9SLV0
Q9UTC5
Q39230
Q8RY89
Q8RY89
Q9M1K2
Q8VIG3
Q8L850
Q8VIG3
Q8T1C6
Q9D939
Q9D939
Q6NZZ9
Q9ZVN9
Q3EDF8
O35824
Q9FG38
Q9FG38
Q8TC12
Q9HBH5
P35559
Q8RWG2
Q9SCT4
P43188
Q6NRG6
Q6NRG6
Q9NV35
Q54EN4
Q8T2T5
O76206
Q5HZV9
Q3T100
P06615
A2BIX4
Q8K1N1
Q93VB5
Q9ZVN2
Q9P3U4
Q8DHU4
Q42510
P38166
P38166
Q9HDY1
Q9HDY1
A7MPE7
Q2KJ63
Q9FGY9
Q92161
Q539E5
Q539E5
Q539E5
Q8R2Y3
Q552R1
P42742
Q9SB51
Q874Z5
Q9UT27
Q9UT27
Q10711
P87168
Q54ED4
Q4VXU2
F4JVI3
Q84X53
F4JY84
O15439
Q851L6
P80092
Q0V9U2
Q6LA54
Q767L0
Q54CY5
Q617Y0
Q5PQN1
A2AWA9
Q8L633
P46864
Q9FFU6
Q54Q69
Q54MB9
Q6C4D4
P52208
P52208
Q19673
Q874Z5
P0AC33
P0AC33
Q8MLZ3
O12947
O12947
Q9LE82
Q9D187
Q9LE82
Q640P7
A7HSH7
A7HSH7
O34942
Q5RCZ7
Q03091
Q9FKS4
Q9Z2Y1
Q9Z2Y1
Q6C6S3
Q6C6S3
Q4R7M4
P49717
O94606
P49825
O13395
Q7KQM6
Q6Z9C8
Q80Z70
Q9DCV6
Q8MTI2
Q9C5U3
Q8VYJ1
O57734
Q6CE12
Q5JJ64
O82782
O82782
B8C6V3
Q7XA78
A6VSX4
Q42395
Q9LU39
Q07123
Q5U3U0
Q27YU0
Q8L850
Q27YU0
Q8UFZ8
Q86AV5
Q9C774
Q4R8M0
Q7ZW78
Q5M974
Q96NW4
Q96NW4
Q6ANM1
P04988
Q290L7
Q290L7
P11220
P29030
P51949
Q9GR88
P54353
Q83R47
A3LT66
P97997
P49519
A0T0R0
Q8MTI2
O67899
O34442
Q27686
P74518
Q9T043
Q8LE52
Q9LKI7
Q8RY89
Q96L42
O42953
Q9SDM1
Q8R3B7
Q9SZ67
Q9H867
Q84N64
P0DMR6
Q9JIS5
Q9XZC0
Q28056
Q0J0S6
Q9UUK0
Q9BWU0
Q9D706
P93732
Q497C3
A4WNM9
Q117I4
Q9LP24
P17644
Q9FGC7
Q9FGC7
Q9NZN4
O28325
Q8BGC0
P72991
Q9SZ67
Q9NS86
Q9NS86
P51174
Q56A40
Q6BZX4
O32617
Q6GX84
E9Q5R7
Q86WI3
O74184
Q9FIZ3
O43033
Q8W4G3
Q8W4J3
D2Z027
Q62925
Q8GVC7
Q62826
Q5ZJP9
Q5UQG7
P93836
Q54P79
O65595
O44006
Q14684
O80396
O55201
O55201
F4JNU8
Q6DGG1
Q6DGG1
Q6DGG1
O13985
Q9SXY1
Q8AWF5
Q8AWF5
Q0WVW7
C0LGQ5
Q8T1C6
Q8VDI9
Q80VY9
P36966
Q9D9T8
O74945
Q9BWU0
Q9LDU6
P11024
Q52QW3
Q0WMV8
Q80XQ2
Q09571
Q8LG53
Q8W4K3
Q57664
O23346
Q91784
Q9DBT5
Q9DBT5
Q9LPC5
Q9FIZ7
Q9D4V0
Q9SGH2
Q9SGH2
D4GUJ7
O14072
Q96JG6
Q13085
B8LBM8
B8LBM8
A0JPI9
A2XI04
A2XI04
Q54Q69
Q54Q69
Q54Q69
Q54Q69
P25888
P14133
P14133
P14133
P14133
Q23670
Q9BZK7
Q55311
Q55311
Q8BTW8
Q9FFU6
Q9LKB9
B7ZFT1
Q9SHL7
Q7NMD1
O50314
Q9ZU96
Q9GZV1
Q9UBV2
Q91784
Q91784
Q84L30
P79110
P79110
B7XIV9
Q38950
Q662G9
P25997
Q9SZ67
Q0MVN8
Q9SZ67
Q9SZ67
Q9SZ67
Q28ID3
Q9P0U3
Q56Y85
O34899
Q7UM31
O42895
Q54V77
Q7XA87
Q7XA87
P84239
Q9V9A7
Q97UA2
P54677
Q9VSK8
Q7ND22
Q3V172
Q9UBV2
P17787
P17787
P0CW18
Q69QJ7
Q9UTQ0
Q8CJ27
Q9WTV1
O70496
Q84XB6
P42766
P42766
Q93Y01
Q20679
Q8L9T5
Q94AC1
Q94AC1
Q40424
Q8BVE8
P12545
O13981
Q9LN20
Q9R0L1
Q9JJF3
P0CE10
Q5UR04
Q5UR04
Q8KG38
Q0DM51
Q505D1
Q3UY23
Q2R1Z5
Q8LGU7
Q9LEU7
O94387
Q54I89
Q8MTI2
Q8MTI2
Q7ZVK3
Q58542
Q96UF2
Q39709
Q80Z37
Q7N222
O14283
Q9S7L9
Q9FZ36
P74367
P49827
Q9LVM1
A8MS41
Q28104
Q5ZI34
Q9FM67
Q84KI6
Q94AG6
O23249
G0S1B3
P53875
O80796
Q9SGH6
Q9SGH6
P16603
Q6N063
Q5R7T5
P75863
A4IHR1
Q13099
Q0VC48
P63088
Q54WW4
Q29AK2
Q02753
O75808
Q56YP2
Q5BQN8
Q3KNM2
Q40832
Q5RF97
Q37600
P52032
P0AG10
Q9V3G1
Q5B0I1
A7RP64
Q9FWQ5
P00248
A0T0Q6
Q9S7Z3
Q8S9D1
Q9C0V4
A4VVZ0
Q9ZR39
O30825
Q5FWL7
Q8NCG7
Q92J59
Q9FJH6
Q5XPI4
P15586
Q56YP2
Q88RB9
P21448
Q6BSM0
P74466
Q7ZW24
Q940S5
P21269
Q3T0Q6
Q07421
Q71VM4
Q9P0J0
Q7T339
Q6AXR5
Q04FB5
A8KBL5
P0AF48
Q552W5
P19244
Q6DG99
Q92LX6
Q837T2
Q8VBV3
P26182
Q2KIQ4
Q921I2
Q86SZ2
P0C8L4
Q5AMR5
P46575
P62972
P46575
P62972
P46575
P62972
Q032L7
O34932
P39858
Q8GT75
P56739
B3QPN8
P45134
Q06265
Q053R1
A0L5U1
Q09850
P67963
P49693
Q6Z1C0
Q8H112
P73121
Q8BUH7
Q9ST27
Q3BAI2
P72943
Q5ABD0
Q3UX61
Q9LPU9
Q9PTJ6
Q9PTJ6
O59791
O15910
Q55512
Q6F388
Q5JK68
Q08586
P40940
P97570
P97570
Q5N4D3
Q43362
Q80T41
Q9DBG1
Q0P4G6
Q84L08
Q8BMD7
Q9C5X9
P31161
P51273
Q8L970
Q5AG40
P30795
Q9LXT4
Q8YWD8
Q54GV7
Q54I86
Q9UVT8
Q9C6W5
P49103
P44429
Q9C942
Q5ZJ60
Q54GD9
P53440
Q9FM19
Q8GY96
Q41773
Q9SZW4
P48375
Q8T1E3
P69326
Q6GR45
Q8R3F5
Q42434
Q2QS13
Q9GLW9
Q93VB5
F1NW29
Q10181
A0KKF0
O23254
Q7Q107
O55099
Q9LR30
Q6LPQ6
Q9SZ67
Q6CVH3
Q68W69
Q6P7Q4
Q6PBP3
Q9XVZ8
Q58E03
P43188
O94481
Q8RZV7
P93798
Q5JLQ9
Q8L7M0
Q55F21
Q9SF16
A5D9W7
Q9M841
P34568
Q4PEQ5
P35159
Q29561
Q7RTR2
Q8MTI2
Q3EBC2
O60121
Q9HV66
Q6K5F8
Q9USQ7
Q3BWT0
Q8CGC6
Q96PN6
B8LCD8
P49053
Q0JPA4
O14746
Q9SZ67
Q7YS70
Q54MV7
Q9SDM9
Q6N075
Q0WP96
Q4I8E9
Q5SPR8
Q8ICR0
Q9FV54
Q5LVV1
Q5Z6F0
Q8GY23
O15050
Q9P3T7
F4JTP5
Q9FY61
Q75HE6
Q6PFM0
Q9YGD2
P30184
Q9GL73
P14152
O65639
Q0V9R3
P33590
Q10082
Q5R4R6
O15439
Q9SGH2
Q9TV69
P0CD65
P27484
Q98TX1
Q96NW4
Q9ZU96
Q39160
Q8N567
Q8YSU5
A4IHD2
Q4QQW4
P41938
Q9SCC7
Q08CH7
P45798
Q18846
Q5Z880
Q9DB25
Q75JF3
P35251
Q05AQ3
P18087
Q9SZ67
Q9SZ67
Q9SZ67
P16658
P06244
P06244
Q9ZQ19
Q8N1E6
Q89EM9
Q9U7D0
Q22888
P30675
P37518
Q4I8E9
Q9NP97
O34751
Q8GYX8
O84992
B3EWZ8
B3EWZ8
Q3M8C8
O80977
P22314
P51599
P51599
P04146
Q01063
Q54RA4
Q54NB6
Q9FUT3
Q29RZ5
C5P3X6
C5P3X6
Q9R0M8
Q9ZQF1
Q8LPN7
Q28262
O00410
Q869V1
Q4WY33
P74615
Q8MTI2
Q9PTU3
Q6CDE6
Q9I4V0
B9KD79
Q1XDF4
Q9Z2X3
P46683
Q5RET6
Q9ESM7
Q7ZVE6
Q9FL25
Q9SV20
P44121
Q93Y35
E2JA31
Q06547
O94966
Q6BZY4
Q9SZ67
P49078
A7MH81
Q9UBS5
Q54ET0
B1KHA6
Q5FWT7
Q9T042
Q54G43
Q8MTI2
Q8MTI2
Q8MTI2
Q8MTI2
Q9LZ82
Q6K9G1
P92939
O23657
Q5BLE8
Q9DCV6
Q9UBV2
P41890
Q16959
Q2KJJ5
Q54SR7
O23617
Q05744
Q5DU56
P37024
Q9SZ67
Q42395
Q42395
Q42395
Q42395
Q5VQL3
Q5FW17
Q08DK7
Q9SZ67
Q86KU6
P74327
P19623
Q54KA7
P33324
Q9SZ67
Q9SZ67
Q9SZ67
Q9C9A9
C9RE37
Q9SZ67
Q8PWF5
Q8RS40
Q9P3U1
O75131
Q42395
Q8MTI2
Q8MTI2
Q8MTI2
Q8MTI2
O43396
Q9SZ67
Q4VAE3
P90513
B7G5J1
P0DMK4
Q55DP9
P40862
P41891
P29786
Q9C5J3
Q8MTI2
Q5RKJ2
P36415
O74180
A0A0C5URS1
Q7N571
A6H8H2
Q55CD9
F4IRU3
M1CZC0
Q766Z3
O94290
Q969Y2
Q7PC88
Q9UA41
Q8N0N9
O60524
Q4UMH6
Q2H5Z7
Q54RZ2
O77404
Q8VY81
Q55738
Q4DJ07
Q47417
Q8ZIK1
Q7XJ53
Q9LYW9
Q9SZ67
Q9LYR5
Q42536
Q0VD59
Q9HYH5
Q96321
Q658N2
Q93VR3
P9WNB9
P44658
Q8W4K3
Q8W4K3
Q09996
P34791
A5D6R3
Q07KJ2
Q43848
Q9UK39
Q8RWF0
P33590
P73456
Q8MTI2
Q8MTI2
Q8MTI2
Q8MTI2
Q8MTI2
Q8MTI2
Q8MTI2
Q8MTI2
Q8MTI2
Q8MTI2
Q09195
Q9I7X6
Q9Y5R4
Q92LI5
Q24740
O81395
Q6AYQ6
Q9XZC0
P16157
Q5NAV3
O22609
Q9C5X9
Q2HJ98
Q8NDF8
Q7TNK0
O94966
F4I6V0
Q812D3
Q941F1
O23372
B9S2H4
P63578
Q9P775
Q2TBV1
O69060
Q9LZA6
Q63450
Q338B9
Q9FN03
F4ILR7
Q9LJN8
Q38936
Q91YJ3
E2JA28
Q4V8X4
Q90972
Q7RAV5
Q9VLT8
Q3ZBY7
Q9BTV7
B8C6S5
O70496
Q54IP0
Q8LDP4
O23087
Q3UFM5
Q9SZ67
Q9SZ67
A0T104
Q562C7
Q9SAR5
Q5GIG6
P15496
Q8MTI2
Q8MTI2
Q8MTI2
Q94K73
Q94K73
Q04871
Q9MAT5
Q6CC39
Q9SD81
Q6IP50
O62768
Q9SZ67
Q9SZ67
F4ILR7
Q680B9
A1DWM3
O74453
Q0DSV9
Q8K2M3
Q54QB1
Q8H0W1
Q9XFG3
Q6EPN8
Q54T05
Q9LTV6
Q9LTV6
Q8R431
Q5F364
B7EA73
Q7XDZ7
Q9LXD1
Q8S9J2
Q9NRR6
Q6CAW6
Q4L3Q9
Q8YM56
Q7VJ79
P28737
Q7SY54
P29787
P22944
B6IRB5
O29057
F4I4K7
Q9QXG2
A6UQM8
Q13435
O74343
P36864
B7FRU7
C1CXS7
P13982
O12944
P0AD61
P05122
A3DC75
O74503
P10708
P49540
Q8CWK7
P71089
P54873
P60924
Q84WL9
Q9FIK7
Q84K71
A7HND1
P00516
P55251
P55251
Q7T6X6
Q9VHS8
Q9LN20
P0C872
Q9XHM1
Q8MTI2
Q8MTI2
Q8MTI2
Q8MTI2
Q8MTI2
Q8MTI2
Q8MTI2
Q8MTI2
Q8MTI2
Q8MTI2
Q8MTI2
Q8MTI2
Q8MTI2
Q8MTI2
Q8MTI2
Q8MTI2
Q8MTI2
B6D5P1
P35036
P20409
Q93VD3
Q3V1L4
P24171
Q54KM6
Q93XX5
Q9NRR5
O14283
Q0QLE4
Q68FK8
C5BTY4
Q4VC12
Q53P98
P33640
Q9DAA6
P28606
Q7RTR2
Q9FXM3
Q0WVF5
Q12432
Q4VXU2
Q54J42
P35035
Q9FE17
Q9VV41
Q3T168
P52551
P0C872
O14039
Q9YHZ5
Q9FFL1
Q9SMT7
Q9A9T4
Q9A9T4
O78410
P67156
Q6NUH2
Q8SWF6
Q869L3
D4AZ24
Q9NB71
Q54Q80
B6ELC0
Q5X4M9
O34340
P19208
Q5UP92
P11498
Q5FWF4
A8JUV0
P42593
P26683
Q9LUD7
Q99148
Q5XI05
Q8GW20
Q07866
A9VE54
Q91YR7
Q54C25
Q8H0S9
Q8SRH6
Q04671
Q9SFU0
Q681Q7
P35037
Q5UR03
Q6DRC3
A2XBT1
P10978
Q14BP6
Q8RUS5
Q7Z9I4
Q9FF61
Q94392
Q9DCV6
F4I9Q5
Q96UB1
Q0DHL4
Q0JLP9
Q555N7
Q5RBD5
Q8VXZ0
P87112
P70280
Q8MTI2
Q8MTI2
Q8MTI2
O94268
P52495
P15700
Q9H6T3
Q9H6T3
C5BP64
Q9M3G7
Q9NX58
Q54FW9
Q8BHJ9
Q8CH36
Q41595
Q9ZV43
Q8MTI2
Q8MTI2
Q8MTI2
Q8CFQ3
Q75WS4
A3AVH5
Q9TV68
Q7PC88
Q9SZ67
Q642R9
P44683
Q54LB8
Q9SZ67
Q9SZ67
Q9SZ67
O80452
Q54Q69
Q6P819
Q43307
Q9VH19
P35084
Q7T0W1
Q8MTI2
Q8MTI2
Q8MTI2
Q15477
Q8NI36
P72872
P72872
P53294
O80358
P52301
Q8H0V6
Q1AS21
Q9FL28
Q4KLT0
Q94B77
Q93VQ0
F1ND48
Q54LB8
P46063
Q39054
Q9FII5
O15050
Q7L1I2
Q42404
Q96JB1
Q41014
Q4P9K6
Q8NQ52
A0T0S6
Q9UTA6
P08770
Q9SZ67
Q9SZ67
Q8TE73
Q9S726
Q9MB35
Q56YP2
Q9SZW4
Q8L716
Q8H715
Q2NL17
Q38849
P42039
P42620
Q8MTI2
Q9M612
Q9FXG3
Q9V4N3
O48686
Q6VBB2
Q96VU9
P91791
Q9ZUT8
P53206
Q96CX2
P26851
Q8MTI2
F4JN26
P51995
O94966
Q8VIG3
Q7TSV3
O17732
P0CT63
Q42395
Q94392
Q5R9Z1
P11889
P0C1J6
Q9VXX8
Q6AUV1
O88576
Q5BJS9
Q9ZU96
P32327
P23398
P40282
F0NBH8
Q8YM56
Q9BUR4
Q08585
P46516
Q8TGM6
Q05920
Q1RIM7
P55573
Q5DU56
O82663
P46291
P26849
O96813
F4JZ24
Q8H715
P25007
Q06908
Q9RQ17
A0T0W1
B9RAJ0
P41189
Q27YU0
P32298
Q9M8T9
Q8TGM7
P18858
Q00614
O36032
Q9SZ67
Q9LYR5
Q8MTI2
Q9FIJ7
Q8MTI2
A0T0R1
Q9VLT8
P42620
Q54VF4
P82887
O13983
Q9SZ67
P55354
Q0JKD0
Q32L81
P46575
P08466
P44960
Q8SRE1
Q7ZZC8
Q42395
O04951
O74743
Q42395
Q9SZ67
O80800
Q9SZ67
Q9SZ67
O94966
Q6CQE5
Q9CAR7
A4R8N4
Q80U87
A0T0V3
Q0II91
Q2U6U0
P40862
C0LGP4
Q6PGF2
Q556Y9
Q6AZT7
Q8MTI2
P35049
Q40301
P62859
P46575
P27449
Q9SZ67
O49850
Q8RY89
Q6F6B5
B0SZ35
A5FX21
Q949M3
O04450
P27189
Q8NCG7
P83778
Q39709
Q9URW6
Q9HFE8
O34984
Q5A599
Q4WQM4
O82201
Q9FZH0
Q8RDX3
Q96W55
Q03965
Q6PC14
P37225
B7GIU7
Q8ZKL1
Q6XIM8
Q8GY91
Q9M8K7
Q8MTI2
Q9TW32
Q8TGM6
Q6EX42
Q8MTI2
Q39254
Q56YP2
P0C881
O74329
Q9UTQ0
Q0D9C7
Q05425
Q2KHT8
Q8RY89
Q9KEI9
C3ZAH2
Q562C4
P54611
A4IMC6
O94966
Q8MTI2
Q8WYR4
Q8MTI2
Q8MTI2
Q8MTI2
O96005
Q9ZU96
Q9GZV1
O02414
P35130
P48504
P40984
Q56YP2
Q8MTI2
Q8MTI2
Q8MTI2
O97572
P12270
Q9R1U7
Q949Y0
P37841
O94966
Q07949
Q863A5
Q9LHT0
Q8SSI7
Q40831
Q9T0I8
E1VBT6
E1VBT6
Q0J6P7
P0A3U9
Q7V2J3
Q7V2J3
Q9LLY4
Q9LLY4
Q8TEQ8
O23714
Q06908
Q850M0
P58133
B0T2C9
O60488
Q09500
Q6FSC1
Q01177
O65084
Q3ZBU2
Q84MP7
Q96NT3
Q54BW5
Q9SZ67
C5D9C1
Q9ZU96
Q95276
Q9SZ67
Q9FIJ2
Q9M2W2
Q94A40
P38935
P04323
P04323
Q51342
Q56E62
O43092
Q5R4R4
Q56YP2
P54729
O00746
P44433
Q9DCV6
Q84XB6
A9VMC2
Q9FF10
Q4IN00
Q54XK2
Q22004
Q8MTI2
P80042
Q9LK25
O62446
P52884
Q9SZ67
Q4FZG7
P0CI65
P40332
B0K020
Q8VY97
Q5UR67
Q90YC0
Q502P0
Q8VCH6
Q5FWU8
A1BEV6
Q5RJF7
Q10FF9
P50623
Q6TU48
Q29RK2
Q87S25
Q8MTI2
Q56Y42
Q22000
Q8L831
O14463
P11118
Q8BPN8
Q8BPN8
P0CG60
Q9S7L9
Q93W77
Q7RXY1
Q54FR4
Q67JX6
O94966
Q9SZ67
Q9SZ67
P9WNZ3
P0A9I4
Q8IZQ1
Q8RDX7
G2NFJ9
P58684
Q6TGY8
Q94C12
P52948
Q68FU5
Q6K9G1
Q9LK16
Q54Q69
Q6BL86
Q37626
Q3BAI2
B0D174
Q54VI3
Q54J69
Q8VE42
Q54Q69
P18248
Q04449
P49541
H1UBN0
P53991
Q08CH7
P58283
P82887
P82887
Q5SXM8
A7GK23
Q9LM02
Q9FWR5
Q9V359
Q10305
P0DJ19
Q81CB1
P68182
P87141
P18589
Q3BAI2
Q3BAI2
Q12908
P49349
P22589
O97508
Q6CNU6
B4RX40
P57746
Q9SLG0
A0T0N2
Q8MTI2
Q4QQW4
O21272
O29441
Q4PB04
Q9SR77
P52878
P30677
Q6AYJ5
Q9SZ67
O34499
Q9LHP2
Q01976
Q04960
Q6WNG7
B2CAZ2
Q60SM4
Q29RV1
Q6CE12
Q50KB1
P02889
O59768
Q0SMH1
Q9SCY2
O75832
Q09103
Q6VTH5
Q9WTN0
P40644
O82204
O86509
Q7M323
Q95307
P27774
Q9FYC2
Q9UUG2
Q9ES53
Q8R1F6
Q9XEA6
Q9GT45
P25052
Q9SZ67
A0T0R1
Q2KJJ0
Q552W5
P46483
Q5L289
Q9LLY4
Q54XU5
Q9ULV5
P17343
P93194
Q3BAI2
Q43362
Q08257
A3DBS5
Q5YLM1
Q8S9M1
Q02046
Q17574
Q9D967
Q8MTI2
A9VE54
Q7QGK4
Q9LVK3
Q8S2G0
Q06908
P42039
B6IPJ8
Q9XES1
Q56E62
P34788
Q54ET0
P43188
Q9KLX6
O34598
Q75B82
P25631
P77968
P54778
O14327
P49193
Q9SYA6
Q4PBY6
Q55512
Q6PF93
B2RC85
P48580
Q01976
Q9SJ36
A5B4K1
O62739
P46595
O13755
Q9FVX1
Q9FNE2
Q6IZ48
Q76PD2
Q8WYR4
Q8WYR4
Q4G2J3
Q9LUQ6
Q19967
P0A9L5
Q9XBL8
Q5SGD2
Q5R7T5
P64918
P13630
P13630
Q9C1C2
Q6GLE1
Q9SGA6
Q2J322
Q42684
Q7F0R1
P46428
Q9LR78
P00072
Q5Z922
Q9D289
Q9CQE6
Q9LYW9
Q54RY8
Q7ZW78
O04928
Q945M1
Q5RB77
Q9C720
P0DH79
Q9SCC7
Q54Q69
P13952
A4RZ86
Q8RY89
O48709
P48047
P44836
Q04500
Q94JU3
Q295P6
Q9CAR7
O74507
Q8W1D5
Q9LE82
Q8H1Q1
P24368
P11632
B0T7A8
Q9U7D0
Q9SHI2
Q9M8S8
Q0IID2
Q8L7N4
Q9FFZ1
Q3ZBU2
P30922
O01802
Q9H7Z6
Q56X52
Q56X52
Q5PPV3
P40940
Q9LZF6
Q6EX42
Q55B06
Q9C9J0
Q03460
Q9SZ67
Q9LM25
Q8MTI2
Q0UWA6
Q4P5U4
A7SXK3
O94264
Q8T685
Q51342
Q9SZ67
Q9SZ67
Q9SRV1
P93256
Q863A5
Q8N9T8
Q8L970
P46575
Q7T385
Q9Y7K6
Q9SIV2
O81304
A2Q898
Q8NFD2
Q55EF8
Q5JU00
Q8IZ02
Q9SNQ2
Q27960
O23365
Q55909
P60901
P19217
Q5M729
P52322
P35159
O59028
P21914
Q0ITS8
Q94KU1
Q6KZI1
Q5VQL3
Q9M2E2
O80642
Q4PE39
Q9LUM0
B3QPN8
Q94392
Q5RK30
Q9Y4D2
Q9LJL3
Q5XI13
Q8K4Y7
P38667
Q8MTI2
C0LGG8
B8V7S0
Q07943
Q9Z2B5
O31571
F4JAU3
Q9M354
Q8MTI2
Q8H0V6
Q9SZ67
A0A0H2VDN9
Q3SEK2
Q96NW4
P83748
P00765
Q55GU0
Q9CWJ9
Q9CK02
D7REX8
P21616
Q7PC88
P10978
Q60HE9
Q42395
Q42395
Q42395
Q42395
Q42395
Q08584
Q5N1P6
Q117I4
Q8BRF7
Q92359
O51889
O66148
P9WQ35
Q4I8E9
Q39239
Q5VW38
Q4VCM1
P30795
Q42395
Q66HG4
Q9H1B5
Q8VIG3
Q52JK6
O23365
O23365
Q8MTI2
Q9T042
Q940S0
Q8N8A6
Q9T053
Q9LPD9
Q96GG9
Q7XDZ7
Q9Y7K2
Q09764
Q7XWP1
Q8MTI2
Q8MTI2
Q8MTI2
Q9NRK6
A7MB63
Q9UJZ1
Q8L7C8
Q9UBQ7
P47796
O32472
Q5UP92
Q7T385
Q7T385
P28178
Q42395
Q42395
O08901
Q5Z880
Q54QI2
Q6GLM5
Q8H0S9
Q58455
Q3EBR6
Q5UR03
Q7LL04
A0T100
Q5ZMA2
Q04671
P52551
Q8IYD8
Q8MTI2
Q8MTI2
Q8MTI2
Q8MTI2
Q8MTI2
P35039
Q9SQI8
Q6NMN6
P48053
Q54BU4
O25021
Q54XG9
Q6R5J2
Q08CX5
Q5BFH3
A9MN78
Q74GW7
Q59RQ0
Q67S53
Q8C0T9
Q8CFQ3
O74889
Q6DW76
Q60520
Q8MTI2
Q539E5
Q9LH74
Q9M2D2
P72926
Q8MTI2
Q93008
Q9LVM1
Q8MTI2
Q5RJF7
Q8IWV8
Q5RJF7
P08096
Q9BZP6
Q54QG5
Q80TY5
P70206
Q8T295
P34036
B7XIV9
Q63HN8
Q54Q69
A9VHU0
Q54NZ5
Q9P7M5
A0T0R1
Q75B43
P16100
Q91XL2
Q5BK32
Q54N49
Q9ZRP7
P23378
Q1QHP3
O82811
P0A9Y4
P51320
Q290L7
Q6GPQ6
P05938
Q54EW1
O04066
Q8MTI2
Q5KU00
Q9V3J1
Q75W54
Q91W90
Q2KI22
P42025
Q6GX84
Q10075
Q8LET2
P48504
O15865
Q3MKM6
P91791
D9R4W7
P87242
Q9LU89
B4RX40
Q5ZKP7
P0A962
P49314
Q6NLC1
Q94JX9
Q42395
Q8R5G2
Q5NBP9
Q5NBP9
Q64338
P46285
Q8S9D1
A8MHK8
Q9I8E6
Q93W20
O26779
Q75AE1
Q6EMB2
Q9V3J1
Q8RY89
Q9CQ29
P48603
Q09927
Q94K73
O65555
O21243
Q8MTI2
Q8MTI2
Q8MTI2
Q7TYX8
Q8MTI2
Q641Z6
P40474
B8LCD8
Q9SZ67
Q5XEP2
Q6AX45
Q6AX45
B4R8P2
Q8RY89
Q8RY89
Q9UNX4
Q54FE6
Q9CA93
Q8K157
Q9ZU96
Q12754
D2Z027
O35730
Q6P5G6
P43785
Q94C75
Q9Y239
Q681Q7
Q9SUI2
Q8VIG3
G5EGA5
Q49Y21
P04919
Q0IID2
Q9ZU49
Q9UTR6
Q54LY1
Q3UFM5
Q9BTW9
P13952
Q9CR62
P54276
Q9ZV87
Q9LKW9
O52025
P57760
Q9FVR6
P47199
Q7XPW5
Q8BWM0
Q2RI92
P72731
A9CJC9
Q3TPE9
Q8WUK0
B1XIF6
Q84WV9
Q9BT30
Q93Y35
Q9P7Q8
Q8H124
Q5UQM9
O22558
Q9FF66
Q0WWQ1
Q6CQH2
Q9SZ30
Q9LVZ3
F4HVW5
Q32PX9
O04350
O04350
Q54DU9
Q5RBB1
Q552Y8
P32863
P41152
Q1MQJ3
Q67YI6
Q05918
Q95YI5
Q3T168
P53852
Q5UPR3
Q84V18
Q9Y248
Q55505
Q55505
P37841
P37841
Q5FWL7
Q6NPT7
Q9AD90
Q42371
Q54I71
Q9NRR5
Q9QXE5
O80885
O82567
Q3SZI7
Q54VV7
Q9M363
P26683
Q8BGC0
Q6AY17
Q8MTI2
Q8MTI2
Q91VY9
Q9ZLZ3
O13842
Q9CWX9
Q2J322
Q5IFN2
P27166
Q6GNP0
Q9BVV7
O00400
O18635
Q2YDP8
Q719N1
Q52QW3
P28634
P28634
P28634
Q6RVV4
Q9V3I5
Q9UJW0
Q48A14
Q6P7N4
Q9HCD6
P44068
Q8TC41
Q9FKY3
Q39043
P07347
P53883
Q9Y266
Q3UY23
Q54BF6
A7MXT4
Q92345
Q9LV93
P43299
Q9Z1M7
P53355
Q9ZG88
Q54TS4
Q7F0R1
Q3UHF3
Q6I5Y0
Q9Z188
P10961
Q766C2
O13775
Q9FGF0
Q9FGF0
Q9FGF0
Q5H7P5
Q607A6
Q08D64
Q0J0A4
P47039
Q9LN20
P00439
Q4P9K9
Q55ED4
Q08DJ8
B1WB06
Q5U317
Q5N808
O76071
P47791
Q54Q69
Q9LFF1
Q6PE15
Q8MTI2
Q8MTI2
Q8MTI2
Q68BJ6
Q9XIH7
O64530
Q54PW5
Q9SRE0
Q9CZX5
C6DCI6
Q3UHX9
O14088
Q8W4K3
Q0C548
Q10272
Q9FKP1
Q3E9C0
Q54HL6
Q8ZD80
B3A0N5
O42953
Q94546
Q7TML3
Q42395
E9PVA8
D4AJR9
F4KEV7
Q0DHC4
C3VPR6
Q9SEE4
O45102
Q8VHD6
O18158
Q9SPP9
Q54Q92
Q5ZBH5
Q55GA4
O84000
B0DZL3
Q48215
Q3AF81
P0A3U9
Q9SD81
A7MB63
Q9UIF9
Q4L208
Q94AH6
Q22004
Q59H18
A1RU43
E9L7A5
Q8T5Z7
P04146
Q02723
Q54I81
Q8MTI2
Q8MTI2
Q8MTI2
Q8MTI2
Q8MTI2
Q8MTI2
Q8MTI2
Q8MTI2
Q8MTI2
Q8MTI2
Q8MTI2
Q8MTI2
Q8MTI2
Q8MTI2
Q8MTI2
Q8MTI2
Q8MTI2
Q90592
Q8GYL3
F4JY84
Q9UTQ0
Q4WZ44
Q9M0G7
P56859
Q6NUB2
B7G5J1
P57072
Q8XZZ5
A1DWM3
Q8LES0
Q0VF94
P47843
Q9QXL7
Q55C77
Q9SZ67
Q3TAE8
A7HM55
Q86WI3
P59046
Q0VE82
Q502K3
Q86A17
Q8L7S8
Q56X76
P40586
Q54Q69
Q54Q69
Q3E9C3
Q7ZVE6
Q7ZVE6
Q7SHZ2
Q8R123
Q54MI6
Q8YWR1
Q54SY2
Q29RJ0
P42818
B0K172
Q55GI5
Q8KF69
Q7ZVE6
Q29RZ5
Q9SZ67
Q9USN7
Q2GSX8
P42285
P56524
Q4V8C2
Q7RTR2
Q99LG2
Q09852
Q700D0
Q8BZZ3
Q9SZ67
Q10980
A8GIG8
Q9LYW9
D2KC46
Q54Q69
Q9SZ67
Q9SSR1
Q94464
P23631
Q80Y20
P53610
Q0WMV8
Q0WQF4
Q0WQF4
Q93YQ1
Q4V8X4
A1A643
P49053
P49053
Q8VCZ8
P49599
Q9ZVR7
Q8RWZ1
Q00874
Q9SM43
Q54Q69
Q6GII3
P64918
Q6YRM6
P41210
Q8T3L6
Q8N2A0
Q94IR2
P77968
Q8BPY9
P53695
Q2QPW1
Q02724
Q641X6
Q27960
P32327
A9IR54
Q3BAI2
Q9WVS4
Q8MTI2
Q96NW4
P20825
P30278
O00370
Q03468
Q6YCH1
A0T0U9
O25728
Q922R0
P0A9T5
Q09575
Q58318
Q9LM66
Q8H0V6
Q91821
Q13423
Q60779
Q5VQL3
P27766
Q539E5
P55143
P53984
Q6C7S6
P10978
O82204
Q641X6
P31060
Q9FIZ3
Q9CAI1
P47735
Q3SU08
Q8L850
Q9ZUH1
A0T0N2
Q7RTR2
Q8H2T0
P60924
O48709
Q29RM3
Q46266
Q8IVU3
Q7PC82
Q8L518
Q9XXK1
P37193
Q1JPG1
P41345
Q54YG8
A6GY22
A4IHR1
A3LSY7
Q9XHH2
Q9VFP2
O15050
Q57629
Q9USN7
Q46266
Q05065
Q7XJ53
O06476
Q6VTH5
Q8MTI2
Q10311
A5VVJ0
O88450
Q8MTI2
Q6CQE5
Q54S03
Q99816
Q9FYC2
O00370
P28000
Q8VZG8
Q92834
Q8RJP2
Q8IWZ3
Q63707
O76464
Q3B4G1
Q9P3U8
P51807
Q9S726
Q5RCE5
Q7A1W9
P27766
Q46266
Q8L7M4
P43561
Q9ZUZ2
Q54PG8
P00110
P29787
Q39584
Q09803
Q503Y4
P50192
Q8I7P9
Q9FKP5
Q8R127
Q7RTR2
O57734
Q9S4D5
P42039
P0C397
O06744
Q9P7Q1
O13351
B0V710
P44501
P25171
Q6Z437
C0LGW6
Q8RY89
D4AK17
Q6EX42
O00370
P36361
Q9NP97
Q6PBI5
Q9D9M5
A3Q5L8
Q08CH7
Q5RFF8
Q9CY21
Q03237
Q7S1P9
Q20748
Q60GC1
P27054
Q9R0L1
Q6GL74
P06868
A6GYU1
A8CAG3
Q6CQE5
Q8K4Y7
P60924
A0T0H6
Q9ZW33
P55169
A6KZL6
P60924
Q8MTI2
O80874
P32684
Q9MZS1
P04146
Q05920
Q9Y239
O68008
Q70LM6
Q32PE0
O80800
Q99315
Q9FPH3
Q6TEK3
Q9SZ67
Q57IZ2
Q4V7N7
Q9C5W6
Q56YP2
Q7F8Q9
Q8RY89
Q80Z37
Q6V0L0
Q9HCE1
Q16960
C1N138
Q9LZV7
Q50KB1
Q5PPV3
Q9EQG6
Q9USP6
O31489
P13804
O00370
Q11VN1
P12527
Q9DCV6
Q9SZ67
Q9SJJ3
Q75B43
Q75B43
Q837T2
Q3T100
P82861
Q9CQS8
Q54HP3
P62302
P46575
P0AA38
Q9MA90
Q9M1K2
P14000
A8E4L1
P21158
Q08585
Q9N3B0
Q08822
C0Z887
Q8C8R3
Q14684
P62972
Q99KG3
Q99KG3
Q39238
Q5BJJ7
Q6NRQ1
Q9WTP7
Q9Y2D2
Q96EQ0
P41817
P80424
Q8BTU1
Q28620
Q5E9S8
Q9QWS8
Q09475
Q9R1K9
Q06827
Q54Q69
P40644
Q8T2T5
Q8MTI2
Q5PPV3
B0G143
Q9FIZ3
Q9SKC9
O43808
Q09500
Q9FL28
Q17574
A0L5U1
Q8MTI2
Q6NUH2
O81360
P0AE94
O60141
Q8LET2
A5UST8
Q6RVV4
Q9R0L1
Q54ES9
Q9RDE2
Q8MTI2
Q54ET0
P9WND5
O00370
O43290
Q54GD9
Q9QWG7
P46087
Q4R7M4
Q8CFD5
B1KWK2
Q9SZ67
Q9H7B4
Q0VFE7
Q59641
Q99MU3
Q9WC63
P0A9T5
Q9LSU1
Q9SZW4
Q8L850
Q90W04
Q5RK19
Q9SKQ0
Q9XZV4
P05314
Q9LSE4
Q9M2D2
Q09734
Q40983
P63018
Q9M1K2
A1XQR9
Q52126
P11029
O94966
Q6NS38
B6D5P3
Q75LV5
Q9SSR0
Q9SN38
Q7SIC1
Q60041
Q96375
Q0D9C7
P37879
Q80U87
O59028
P62309
Q9FUS9
P05938
Q9FIZ3
Q9FIZ3
P0AFV2
Q54FR4
P73548
O49453
P76345
O22160
Q0DJA0
Q19775
Q6VTH5
Q8CIM1
Q8X724
Q42395
B1XIF6
Q40301
Q59VM7
Q54S90
Q8MTI2
Q86A21
Q9P3T7
Q641X6
P0C5Y8
Q54P79
Q39239
A0AUS0
Q9P7S7
O13395
Q9SR77
Q50568
O94256
O97508
Q6PIW4
Q6DHV7
Q8CHN6
O75398
P0DH79
Q59RQ0
P82887
Q8YSU5
O62739
O42993
Q8GYL3
Q6P1N9
Q6NVR9
Q9SB50
O82797
Q8BZ25
Q39362
Q07204
Q8F7N5
Q91WL8
E3QKH9
Q9Y7U3
O14602
P79060
A8ILK1
Q10SM2
Q5BGA7
Q6PE25
Q84XV2
O54853
O94966
P00780
P00781
P00781
Q9C801
P31692
Q42572
Q9C0Y8
Q9UUK0
Q54BW5
Q54BW5
A9VE54
Q5R9Z1
Q9R6X3
O25728
Q13237
P43930
P41890
P54729
Q39709
Q54Q69
Q4P7S5
Q56EB3
Q9SZ67
Q9SZ67
A8GQZ0
Q9ULH0
Q8MTI2
Q8K3P6
Q70WY6
Q93ZA0
Q4LAB0
Q9FIZ3
P39588
Q76LS9
Q8L9C4
Q54K95
Q76L36
Q6NLQ6
Q54MZ4
Q50KB1
O14981
Q8MTI2
Q38942
Q4KLB0
P40230
A0L153
Q9BW72
A1CHC5
Q1GYV1
Q9SW18
Q8BNI4
Q8IUS5
P44756
P00765
Q5R7T5
P12359
Q9JIX0
P04146
Q4R642
Q9Y239
Q8HZP9
Q9R1M5
Q9QYF1
Q8YVS8
P04146
O75691
A1JJ50
Q9P3U4
O65084
Q9M8Y0
P52875
Q3M698
Q54XX9
Q6ANM1
Q8MTI2
Q8MTI2
Q9NWF9
Q9LJU7
Q46EH1
F1QN74
A7SLC8
Q9S3U9
Q2KI22
Q3SYS0
Q9LM92
A0A0H2VDN9
O43396
P54904
Q8GS60
P52285
Q4VC12
Q27488
Q0U3Y6
A4XKA5
Q9P1Y6
Q9MA93
O14717
Q9UBT6
A4G3R1
O43447
Q9XES1
Q8MTI2
Q8LE52
Q6F6Q6
Q8RY89
Q6LZY8
Q4PD66
Q8L850
Q8RY89
Q27YU0
P62975
P0CG83
O13351
Q9HNR6
Q9SKI2
Q9VR81
Q9SZ67
Q9SZ67
Q9H252
P01008
Q9QUM9
P45766
Q54ZX5
Q92353
Q9R6Z3
Q9R6Z3
Q7Z494
Q6PUR6
Q9SRV1
Q803X4
P75874
Q6GPQ6
Q96GG9
Q9SK39
Q8MTI2
Q8MTI2
Q1LZ75
P30044
Q9ZW86
P64918
Q9C3Z5
Q8IVP5
Q8I7P9
P19123
O04034
Q0VRE9
P36591
Q06136
D3ZDK7
B8BVM7
O22558
Q8VDH1
Q10075
Q9XBL8
Q58E76
Q8BYH3
Q43307
Q6ANQ6
Q58318
Q75HE6
O05389
Q91W90
P54672
Q7KWX9
Q6L568
Q9SW25
Q672K1
Q4PHU9
P0CQ76
Q9SJF3
Q566V0
Q5KPJ5
Q5M974
Q2KIH4
Q6DGG1
P92965
Q9LY41
P45890
Q5SW75
Q5XIJ5
O74777
Q6GQ69
P38748
P30419
P07850
Q4VXU2
P22978
Q8H124
P46683
Q10QR9
Q5ZLK5
Q5ZLK5
Q5ABD0
Q54U63
O80763
P10184
